This is pdfTeX, Version 3.1415926-2.5-1.40.14 (TeX Live 2013/MacPorts 2013_5) (format=pdflatex 2014.2.2)  9 FEB 2015 06:31
entering extended mode
 restricted \write18 enabled.
 file:line:error style messages enabled.
 %&-line parsing enabled.
**04-word-based-models.tex
(./04-word-based-models.tex
LaTeX2e <2011/06/27>
Babel <3.9f> and hyphenation patterns for 2 languages loaded.
(./slides.cls

LaTeX Warning: You have requested document class `slides',
               but the document class provides `infslides'.

Document Class: infslides 2000/11/28 v2.1.1 Informatics Presentation Slides Cla
ss - MEF
(/opt/local/share/texmf-texlive/tex/latex/base/ifthen.sty
Package: ifthen 2001/05/26 v1.1c Standard LaTeX ifthen package (DPC)
) (./foils.cls
Document Class: foils 2008/01/28 v2.1.4b FoilTeX Class File, Copyright IBM 1995
,1997,1998,2002,2008

Class FoilTeX Warning: Option 'dvips' is ignored when running pdflatex.

(./fltfonts.def
File: fltfonts.def 2008/01/28 v2.1.4b FoilTeX font definition file, Copyright I
BM 1995,1997,1998,2002,2008
\symflasy=\mathgroup4
LaTeX Info: Redefining \em on input line 243.
LaTeX Font Info:    Overwriting symbol font `operators' in version `normal'
(Font)                  OT1/cmr/m/n --> OT1/fcmr/m/n on input line 245.
LaTeX Font Info:    Overwriting symbol font `letters' in version `normal'
(Font)                  OML/cmm/m/it --> OML/fcmm/m/it on input line 246.
LaTeX Font Info:    Overwriting symbol font `symbols' in version `normal'
(Font)                  OMS/cmsy/m/n --> OMS/fcmsy/m/n on input line 247.
LaTeX Font Info:    Overwriting symbol font `largesymbols' in version `normal'
(Font)                  OMX/cmex/m/n --> OMX/fcmex/m/n on input line 248.
LaTeX Font Info:    Overwriting symbol font `operators' in version `bold'
(Font)                  OT1/cmr/bx/n --> OT1/fcmr/bx/n on input line 249.
LaTeX Font Info:    Overwriting symbol font `letters' in version `bold'
(Font)                  OML/cmm/b/it --> OML/fcmm/b/it on input line 250.
LaTeX Font Info:    Overwriting symbol font `symbols' in version `bold'
(Font)                  OMS/cmsy/b/n --> OMS/fcmsy/b/n on input line 251.
LaTeX Font Info:    Overwriting symbol font `largesymbols' in version `bold'
(Font)                  OMX/cmex/m/n --> OMX/fcmex/m/n on input line 252.
LaTeX Font Info:    Redeclaring math alphabet \mathrm on input line 253.
LaTeX Font Info:    Redeclaring math alphabet \mathbf on input line 254.
LaTeX Font Info:    Overwriting math alphabet `\mathbf' in version `normal'
(Font)                  OT1/cmr/bx/n --> OT1/fcmr/bx/n on input line 254.
LaTeX Font Info:    Overwriting math alphabet `\mathbf' in version `bold'
(Font)                  OT1/cmr/bx/n --> OT1/fcmr/bx/n on input line 254.
LaTeX Font Info:    Redeclaring math alphabet \mathsf on input line 255.
LaTeX Font Info:    Overwriting math alphabet `\mathsf' in version `normal'
(Font)                  OT1/cmss/m/n --> OT1/fcmss/m/n on input line 255.
LaTeX Font Info:    Overwriting math alphabet `\mathsf' in version `bold'
(Font)                  OT1/cmss/bx/n --> OT1/fcmss/m/n on input line 255.
LaTeX Font Info:    Redeclaring math alphabet \mathit on input line 256.
LaTeX Font Info:    Overwriting math alphabet `\mathit' in version `normal'
(Font)                  OT1/cmr/m/it --> OT1/fcmr/m/it on input line 256.
LaTeX Font Info:    Overwriting math alphabet `\mathit' in version `bold'
(Font)                  OT1/cmr/bx/it --> OT1/fcmr/m/it on input line 256.
LaTeX Font Info:    Redeclaring math alphabet \mathtt on input line 257.
LaTeX Font Info:    Overwriting math alphabet `\mathtt' in version `normal'
(Font)                  OT1/cmtt/m/n --> OT1/fcmtt/m/n on input line 257.
LaTeX Font Info:    Overwriting math alphabet `\mathtt' in version `bold'
(Font)                  OT1/cmtt/m/n --> OT1/fcmtt/m/n on input line 257.
LaTeX Info: Redefining \cal on input line 258.
LaTeX Info: Redefining \mit on input line 259.
) (./foil20.clo
File: foil20.clo 2008/01/28 v2.1.4b FoilTeX file (size option), Copyright IBM 1
995,1997,1998,2002,2008
)
\head@footskip=\dimen102
\@foilheight=\dimen103
\@foilwidth=\dimen104
\abovetitleskip=\skip41
\titleauthorskip=\skip42
\authorauthorskip=\skip43
\authordateskip=\skip44
\dateabstractskip=\skip45
\@tempfootbox=\box26
\@tempfootht=\dimen105
\bibindent=\dimen106
\abovecaptionskip=\skip46
\belowcaptionskip=\skip47
\@captionwidth=\skip48
\captionwidth=\skip49
\abovefloatskip=\skip50
\c@table=\count79
\c@figure=\count80
\foilheadskip=\skip51
\c@Theorem=\count81
\c@Lemma=\count82
\c@Corollary=\count83
\c@Proposition=\count84
\c@Definition=\count85
)
(/opt/local/share/texmf-texlive/tex/latex/graphics/graphics.sty
Package: graphics 2009/02/05 v1.0o Standard LaTeX Graphics (DPC,SPQR)

(/opt/local/share/texmf-texlive/tex/latex/graphics/trig.sty
Package: trig 1999/03/16 v1.09 sin cos tan (DPC)
)
(/opt/local/share/texmf-texlive/tex/latex/latexconfig/graphics.cfg
File: graphics.cfg 2010/04/23 v1.9 graphics configuration of TeX Live
)
Package graphics Info: Driver file: pdftex.def on input line 91.

(/opt/local/share/texmf-texlive/tex/latex/pdftex-def/pdftex.def
File: pdftex.def 2011/05/27 v0.06d Graphics/color for pdfTeX

(/opt/local/share/texmf-texlive/tex/generic/oberdiek/infwarerr.sty
Package: infwarerr 2010/04/08 v1.3 Providing info/warning/error messages (HO)
)
(/opt/local/share/texmf-texlive/tex/generic/oberdiek/ltxcmds.sty
Package: ltxcmds 2011/11/09 v1.22 LaTeX kernel commands for general use (HO)
)
\Gread@gobject=\count86
))
\c@section=\count87
\c@subsection=\count88
\c@subsubsection=\count89
\c@paragraph=\count90
\c@subparagraph=\count91
\foiltitleskip=\skip52
)
(/opt/local/share/texmf-texlive/tex/latex/url/url.sty
\Urlmuskip=\muskip10
Package: url 2006/04/12  ver 3.3  Verb mode for urls, etc.
)
(/opt/local/share/texmf-texlive/tex/latex/amsmath/amsmath.sty
Package: amsmath 2013/01/14 v2.14 AMS math features
\@mathmargin=\skip53

For additional information on amsmath, use the `?' option.
(/opt/local/share/texmf-texlive/tex/latex/amsmath/amstext.sty
Package: amstext 2000/06/29 v2.01

(/opt/local/share/texmf-texlive/tex/latex/amsmath/amsgen.sty
File: amsgen.sty 1999/11/30 v2.0
\@emptytoks=\toks14
\ex@=\dimen107
))
(/opt/local/share/texmf-texlive/tex/latex/amsmath/amsbsy.sty
Package: amsbsy 1999/11/29 v1.2d
\pmbraise@=\dimen108
)
(/opt/local/share/texmf-texlive/tex/latex/amsmath/amsopn.sty
Package: amsopn 1999/12/14 v2.01 operator names
)
\inf@bad=\count92
LaTeX Info: Redefining \frac on input line 210.
\uproot@=\count93
\leftroot@=\count94
LaTeX Info: Redefining \overline on input line 306.
\classnum@=\count95
\DOTSCASE@=\count96
LaTeX Info: Redefining \ldots on input line 378.
LaTeX Info: Redefining \dots on input line 381.
LaTeX Info: Redefining \cdots on input line 466.
\Mathstrutbox@=\box27
\strutbox@=\box28
\big@size=\dimen109
LaTeX Font Info:    Redeclaring font encoding OML on input line 566.
LaTeX Font Info:    Redeclaring font encoding OMS on input line 567.
\macc@depth=\count97
\c@MaxMatrixCols=\count98
\dotsspace@=\muskip11
\c@parentequation=\count99
\dspbrk@lvl=\count100
\tag@help=\toks15
\row@=\count101
\column@=\count102
\maxfields@=\count103
\andhelp@=\toks16
\eqnshift@=\dimen110
\alignsep@=\dimen111
\tagshift@=\dimen112
\tagwidth@=\dimen113
\totwidth@=\dimen114
\lineht@=\dimen115
\@envbody=\toks17
\multlinegap=\skip54
\multlinetaggap=\skip55
\mathdisplay@stack=\toks18
LaTeX Info: Redefining \[ on input line 2665.
LaTeX Info: Redefining \] on input line 2666.
)
(/opt/local/share/texmf-texlive/tex/latex/graphics/graphicx.sty
Package: graphicx 1999/02/16 v1.0f Enhanced LaTeX Graphics (DPC,SPQR)

(/opt/local/share/texmf-texlive/tex/latex/graphics/keyval.sty
Package: keyval 1999/03/16 v1.13 key=value parser (DPC)
\KV@toks@=\toks19
)
\Gin@req@height=\dimen116
\Gin@req@width=\dimen117
)
(/opt/local/share/texmf-texlive/tex/latex/graphics/color.sty
Package: color 2005/11/14 v1.0j Standard LaTeX Color (DPC)

(/opt/local/share/texmf-texlive/tex/latex/latexconfig/color.cfg
File: color.cfg 2007/01/18 v1.5 color configuration of teTeX/TeXLive
)
Package color Info: Driver file: pdftex.def on input line 130.
)
(/opt/local/share/texmf-texlive/tex/latex/eepic/epic.sty
Enhancements to Picture Environment. Version 1.2 - Released June 1, 1986
\@@multicnt=\count104
\d@lta=\count105
\@delta=\dimen118
\@@delta=\dimen119
\@gridcnt=\count106
\@joinkind=\count107
\@dotgap=\dimen120
\@ddotgap=\dimen121
\@x@diff=\count108
\@y@diff=\count109
\x@diff=\dimen122
\y@diff=\dimen123
\@dotbox=\box29
\num@segments=\count110
\num@segmentsi=\count111
\@datafile=\read1
) (./ecltree.sty
ECL Tree graph macro by isozaki, Nov. 12, 1990 + 2e FIX
\@BundleWidth=\dimen124
\@BundleDepth=\dimen125
\@BundleHeight=\dimen126
\@NodeBox=\box30
\GapDepth=\dimen127
\GapWidth=\dimen128
\EdgeLabelSep=\dimen129
) (./eclbip.sty
ECL Bipartite graph style file by isozaki Dec.2, 1990
\bip@len=\dimen130
\bip@box=\box31
) (/opt/local/share/texmf-texlive/tex/latex/tools/multicol.sty
Package: multicol 2011/06/27 v1.7a multicolumn formatting (FMi)
\c@tracingmulticols=\count112
\mult@box=\box32
\multicol@leftmargin=\dimen131
\c@unbalance=\count113
\c@collectmore=\count114
\doublecol@number=\count115
\multicoltolerance=\count116
\multicolpretolerance=\count117
\full@width=\dimen132
\page@free=\dimen133
\premulticols=\dimen134
\postmulticols=\dimen135
\multicolsep=\skip56
\multicolbaselineskip=\skip57
\partial@page=\box33
\last@line=\box34
\mult@rightbox=\box35
\mult@grightbox=\box36
\mult@gfirstbox=\box37
\mult@firstbox=\box38
\@tempa=\box39
\@tempa=\box40
\@tempa=\box41
\@tempa=\box42
\@tempa=\box43
\@tempa=\box44
\@tempa=\box45
\@tempa=\box46
\@tempa=\box47
\@tempa=\box48
\@tempa=\box49
\@tempa=\box50
\@tempa=\box51
\@tempa=\box52
\@tempa=\box53
\@tempa=\box54
\@tempa=\box55
\c@columnbadness=\count118
\c@finalcolumnbadness=\count119
\last@try=\dimen136
\multicolovershoot=\dimen137
\multicolundershoot=\dimen138
\mult@nat@firstbox=\box56
\colbreak@box=\box57
\multicol@sort@counter=\count120
)
(./algorithmic.sty
Package: algorithmic 2009/08/24 v0.1 Document Style `algorithmic'
\c@ALC@unique=\count121
\c@ALC@line=\count122
\c@ALC@rem=\count123
\c@ALC@depth=\count124
\ALC@tlm=\skip58
\algorithmicindent=\skip59
) (./algorithm.sty
Package: algorithm 2009/08/24 v0.1 Document Style `algorithm' - floating enviro
nment

(/opt/local/share/texmf-texlive/tex/latex/float/float.sty
Package: float 2001/11/08 v1.3d Float enhancements (AL)
\c@float@type=\count125
\float@exts=\toks20
\float@box=\box58
\@float@everytoks=\toks21
\@floatcapt=\box59
)
\@float@every@algorithm=\toks22
\c@algorithm=\count126
)
Package color Info: Redefining color red on input line 19.

(./04-word-based-models.aux)
\openout1 = `04-word-based-models.aux'.

LaTeX Font Info:    Checking defaults for OML/cmm/m/it on input line 25.
LaTeX Font Info:    ... okay on input line 25.
LaTeX Font Info:    Checking defaults for T1/cmr/m/n on input line 25.
LaTeX Font Info:    ... okay on input line 25.
LaTeX Font Info:    Checking defaults for OT1/cmr/m/n on input line 25.
LaTeX Font Info:    ... okay on input line 25.
LaTeX Font Info:    Checking defaults for OMS/cmsy/m/n on input line 25.
LaTeX Font Info:    ... okay on input line 25.
LaTeX Font Info:    Checking defaults for OMX/cmex/m/n on input line 25.
LaTeX Font Info:    ... okay on input line 25.
LaTeX Font Info:    Checking defaults for U/cmr/m/n on input line 25.
LaTeX Font Info:    ... okay on input line 25.

(/opt/local/share/texmf-texlive/tex/context/base/supp-pdf.mkii
[Loading MPS to PDF converter (version 2006.09.02).]
\scratchcounter=\count127
\scratchdimen=\dimen139
\scratchbox=\box60
\nofMPsegments=\count128
\nofMParguments=\count129
\everyMPshowfont=\toks23
\MPscratchCnt=\count130
\MPscratchDim=\dimen140
\MPnumerator=\count131
\makeMPintoPDFobject=\count132
\everyMPtoPDFconversion=\toks24
) (/opt/local/share/texmf-texlive/tex/generic/oberdiek/pdftexcmds.sty
Package: pdftexcmds 2011/11/29 v0.20 Utility functions of pdfTeX for LuaTeX (HO
)

(/opt/local/share/texmf-texlive/tex/generic/oberdiek/ifluatex.sty
Package: ifluatex 2010/03/01 v1.3 Provides the ifluatex switch (HO)
Package ifluatex Info: LuaTeX not detected.
)
(/opt/local/share/texmf-texlive/tex/generic/oberdiek/ifpdf.sty
Package: ifpdf 2011/01/30 v2.3 Provides the ifpdf switch (HO)
Package ifpdf Info: pdfTeX in PDF mode is detected.
)
Package pdftexcmds Info: LuaTeX not detected.
Package pdftexcmds Info: \pdf@primitive is available.
Package pdftexcmds Info: \pdf@ifprimitive is available.
Package pdftexcmds Info: \pdfdraftmode found.
)
(/opt/local/share/texmf-texlive/tex/latex/oberdiek/epstopdf-base.sty
Package: epstopdf-base 2010/02/09 v2.5 Base part for package epstopdf

(/opt/local/share/texmf-texlive/tex/latex/oberdiek/grfext.sty
Package: grfext 2010/08/19 v1.1 Manage graphics extensions (HO)

(/opt/local/share/texmf-texlive/tex/generic/oberdiek/kvdefinekeys.sty
Package: kvdefinekeys 2011/04/07 v1.3 Define keys (HO)
))
(/opt/local/share/texmf-texlive/tex/latex/oberdiek/kvoptions.sty
Package: kvoptions 2011/06/30 v3.11 Key value format for package options (HO)

(/opt/local/share/texmf-texlive/tex/generic/oberdiek/kvsetkeys.sty
Package: kvsetkeys 2012/04/25 v1.16 Key value parser (HO)

(/opt/local/share/texmf-texlive/tex/generic/oberdiek/etexcmds.sty
Package: etexcmds 2011/02/16 v1.5 Avoid name clashes with e-TeX commands (HO)
Package etexcmds Info: Could not find \expanded.
(etexcmds)             That can mean that you are not using pdfTeX 1.50 or
(etexcmds)             that some package has redefined \expanded.
(etexcmds)             In the latter case, load this package earlier.
)))
Package grfext Info: Graphics extension search list:
(grfext)             [.png,.pdf,.jpg,.mps,.jpeg,.jbig2,.jb2,.PNG,.PDF,.JPG,.JPE
G,.JBIG2,.JB2,.eps]
(grfext)             \AppendGraphicsExtensions on input line 452.

(/opt/local/share/texmf-texlive/tex/latex/latexconfig/epstopdf-sys.cfg
File: epstopdf-sys.cfg 2010/07/13 v1.3 Configuration of (r)epstopdf for TeX Liv
e
))
[0

{/opt/local/var/db/texmf/fonts/map/pdftex/updmap/pdftex.map}] [1]
LaTeX Font Info:    Font shape `OT1/fcmss/bx/sl' in size <20.74> not available
(Font)              Font shape `OT1/fcmr/bx/sl' tried instead on input line 60.

 [2]
[3] <haus-ist-klein-alignment.pdf, id=23, 178.6675pt x 121.45375pt>
File: haus-ist-klein-alignment.pdf Graphic file (type pdf)

<use haus-ist-klein-alignment.pdf>
Package pdftex.def Info: haus-ist-klein-alignment.pdf used on input line 96.
(pdftex.def)             Requested size: 268.00058pt x 182.18015pt.
 [4 <./haus-ist-klein-alignment.pdf>]
[5] <haus-ist-klein-alignment-reordered.pdf, id=36, 183.68625pt x 121.45375pt>
File: haus-ist-klein-alignment-reordered.pdf Graphic file (type pdf)

<use haus-ist-klein-alignment-reordered.pdf>
Package pdftex.def Info: haus-ist-klein-alignment-reordered.pdf used on input l
ine 122.
(pdftex.def)             Requested size: 275.52866pt x 182.18015pt.
 [6 <./haus-ist-klein-alignment-reordered.pdf>]
<haus-ist-klein-alignment-multiple.pdf, id=47, 224.84pt x 120.45pt>
File: haus-ist-klein-alignment-multiple.pdf Graphic file (type pdf)

<use haus-ist-klein-alignment-multiple.pdf>
Package pdftex.def Info: haus-ist-klein-alignment-multiple.pdf used on input li
ne 131.
(pdftex.def)             Requested size: 337.25917pt x 180.67453pt.
 [7 <./haus-ist-klein-alignment-multiple.pdf>] <haus-ist-klein-alignment-zerofe
rt.pdf, id=57, 176.66pt x 120.45pt>
File: haus-ist-klein-alignment-zerofert.pdf Graphic file (type pdf)

<use haus-ist-klein-alignment-zerofert.pdf>
Package pdftex.def Info: haus-ist-klein-alignment-zerofert.pdf used on input li
ne 141.
(pdftex.def)             Requested size: 264.98933pt x 180.67453pt.
 [8 <./haus-ist-klein-alignment-zerofert.pdf>]
LaTeX Font Info:    Font shape `OT1/fcmss/m/sc' in size <20.74> not available
(Font)              Font shape `OT1/fcmr/m/sc' tried instead on input line 152.


<haus-ist-klein-alignment-nullgen.pdf, id=67, 261.97874pt x 121.45375pt>
File: haus-ist-klein-alignment-nullgen.pdf Graphic file (type pdf)

<use haus-ist-klein-alignment-nullgen.pdf>
Package pdftex.def Info: haus-ist-klein-alignment-nullgen.pdf used on input lin
e 155.
(pdftex.def)             Requested size: 392.96715pt x 182.18015pt.
 [9 <./haus-ist-klein-alignment-nullgen.pdf>] [10]
Overfull \hbox (39.02174pt too wide) in paragraph at lines 185--230
[] 
 []

[11]
Underfull \hbox (badness 10000) in paragraph at lines 254--255

 []

[12] [13] <em1.pdf, id=94, 745.78625pt x 165.61874pt>
File: em1.pdf Graphic file (type pdf)
 <use em1.pdf>
Package pdftex.def Info: em1.pdf used on input line 284.
(pdftex.def)             Requested size: 671.20143pt x 149.05548pt.
 [14 <./em1.pdf>] <em2.pdf, id=114, 745.78625pt x 165.61874pt>
File: em2.pdf Graphic file (type pdf)
 <use em2.pdf>
Package pdftex.def Info: em2.pdf used on input line 297.
(pdftex.def)             Requested size: 671.20143pt x 149.05548pt.
 [15 <./em2.pdf>] <em3.pdf, id=134, 747.79375pt x 165.61874pt>
File: em3.pdf Graphic file (type pdf)
 <use em3.pdf>
Package pdftex.def Info: em3.pdf used on input line 310.
(pdftex.def)             Requested size: 673.00815pt x 149.05548pt.
 [16 <./em3.pdf>]
<em4.pdf, id=155, 745.78625pt x 165.61874pt>
File: em4.pdf Graphic file (type pdf)
 <use em4.pdf>
Package pdftex.def Info: em4.pdf used on input line 324.
(pdftex.def)             Requested size: 671.20143pt x 149.05548pt.
 [17 <./em4.pdf>]
File: em4.pdf Graphic file (type pdf)

<use em4.pdf>
Package pdftex.def Info: em4.pdf used on input line 337.
(pdftex.def)             Requested size: 671.20143pt x 149.05548pt.
 <em-result.pdf, id=175, 344.28625pt x 183.68625pt>
File: em-result.pdf Graphic file (type pdf)

<use em-result.pdf>
Package pdftex.def Info: em-result.pdf used on input line 338.
(pdftex.def)             Requested size: 309.85475pt x 165.31607pt.
 [18 <./em-result.pdf>] [19] [20]
Overfull \hbox (6.58212pt too wide) in paragraph at lines 398--398
 []\OT1/fcmr/m/n/20.74 maison
 []


Overfull \hbox (8.134pt too wide) in paragraph at lines 398--398
[]\OT1/fcmr/m/n/20.74 house  
 []


Overfull \hbox (6.58212pt too wide) in paragraph at lines 405--405
 []\OT1/fcmr/m/n/20.74 maison
 []


Overfull \hbox (8.134pt too wide) in paragraph at lines 405--405
[]\OT1/fcmr/m/n/20.74 house  
 []


Overfull \hbox (6.58212pt too wide) in paragraph at lines 412--412
 []\OT1/fcmr/m/n/20.74 maison
 []


Overfull \hbox (8.134pt too wide) in paragraph at lines 412--412
[]\OT1/fcmr/m/n/20.74 house  
 []


Overfull \hbox (6.58212pt too wide) in paragraph at lines 419--419
 []\OT1/fcmr/m/n/20.74 maison
 []


Overfull \hbox (8.134pt too wide) in paragraph at lines 419--419
[]\OT1/fcmr/m/n/20.74 house  
 []


Overfull \hbox (12.02586pt too wide) in paragraph at lines 391--431
[] 
 []


Overfull \hbox (6.78677pt too wide) in paragraph at lines 431--438
[]\OT1/fcmss/bx/n/20.74 Counts [][][] 
 []

[21] [22] [23] [24] [25] [26] [27] [28] [29]
<em-model1-corpus.pdf, id=232, 373.395pt x 86.3225pt>
File: em-model1-corpus.pdf Graphic file (type pdf)

<use em-model1-corpus.pdf>
Package pdftex.def Info: em-model1-corpus.pdf used on input line 630.
(pdftex.def)             Requested size: 448.07176pt x 103.58644pt.
 [30 <./em-model1-corpus.pdf>] [31] [32] [33]
<noisy-channel.pdf, id=252, 385.44pt x 142.5325pt>
File: noisy-channel.pdf Graphic file (type pdf)
 <use noisy-channel.pdf>
Package pdftex.def Info: noisy-channel.pdf used on input line 710.
(pdftex.def)             Requested size: 423.9853pt x 156.78621pt.

[34 <./noisy-channel.pdf>] [35] [36]
<natuerlich-haus-klein-model2.pdf, id=265, 481.8pt x 172.645pt>
File: natuerlich-haus-klein-model2.pdf Graphic file (type pdf)

<use natuerlich-haus-klein-model2.pdf>
Package pdftex.def Info: natuerlich-haus-klein-model2.pdf used on input line 77
7.
(pdftex.def)             Requested size: 626.33992pt x 224.43845pt.
 [37 <./natuerlich-haus-klein-model2.pdf>] [38] [39] <ich-gehe-ja-nicht-model3.
pdf, id=288, 517.935pt x 308.15125pt>
File: ich-gehe-ja-nicht-model3.pdf Graphic file (type pdf)

<use ich-gehe-ja-nicht-model3.pdf>
Package pdftex.def Info: ich-gehe-ja-nicht-model3.pdf used on input line 819.
(pdftex.def)             Requested size: 517.93372pt x 308.15048pt.
 [40 <./ich-gehe-ja-nicht-model3.pdf>]
[41] [42] [43] <ich-gehe-ja-nicht-alignment.pdf, id=304, 305.14pt x 98.3675pt>
File: ich-gehe-ja-nicht-alignment.pdf Graphic file (type pdf)

<use ich-gehe-ja-nicht-alignment.pdf>
Package pdftex.def Info: ich-gehe-ja-nicht-alignment.pdf used on input line 883
.
(pdftex.def)             Requested size: 366.16614pt x 118.04037pt.
 [44 <./ich-gehe-ja-nicht-alignment.pdf>]
Overfull \hbox (12.69768pt too wide) in paragraph at lines 898--907
[]
 []

[45] [46] [47] [48] <michael-alignment.pdf, id=327, 234.93773pt x 212.2329pt>
File: michael-alignment.pdf Graphic file (type pdf)

<use michael-alignment.pdf>
Package pdftex.def Info: michael-alignment.pdf used on input line 983.
(pdftex.def)             Requested size: 352.40572pt x 318.34854pt.
 [49 <./michael-alignment.pdf>]
<does-not-alignment.pdf, id=337, 107.08005pt x 130.68825pt>
File: does-not-alignment.pdf Graphic file (type pdf)

<use does-not-alignment.pdf>
Package pdftex.def Info: does-not-alignment.pdf used on input line 991.
(pdftex.def)             Requested size: 214.15955pt x 261.37582pt.
 [50 <./does-not-alignment.pdf>]
<kicked-the-bucket-alignment.pdf, id=347, 116.35469pt x 109.8504pt>
File: kicked-the-bucket-alignment.pdf Graphic file (type pdf)

<use kicked-the-bucket-alignment.pdf>
Package pdftex.def Info: kicked-the-bucket-alignment.pdf used on input line 100
0.
(pdftex.def)             Requested size: 232.7088pt x 219.70023pt.
 [51 <./kicked-the-bucket-alignment.pdf>]
[52] [53] <michael-bidirectional.pdf, id=363, 487.88272pt x 459.93832pt>
File: michael-bidirectional.pdf Graphic file (type pdf)

<use michael-bidirectional.pdf>
Package pdftex.def Info: michael-bidirectional.pdf used on input line 1041.
(pdftex.def)             Requested size: 365.91113pt x 344.9529pt.
 [54 <./michael-bidirectional.pdf>]
LaTeX Font Info:    Font shape `OT1/fcmss/m/sc' in size <14.4> not available
(Font)              Font shape `OT1/fcmr/m/sc' tried instead on input line 1063
.
 [55]
[56] [57] [58] [59] [60] (./04-word-based-models.aux)

LaTeX Font Warning: Size substitutions with differences
(Font)              up to 6.05pt have occurred.

 ) 
Here is how much of TeX's memory you used:
 3265 strings out of 495035
 45839 string characters out of 6181626
 116362 words of memory out of 5000000
 6408 multiletter control sequences out of 15000+600000
 12920 words of font info for 47 fonts, out of 8000000 for 9000
 14 hyphenation exceptions out of 8191
 38i,17n,23p,289b,681s stack positions out of 5000i,500n,10000p,200000b,80000s
</opt/local/share/texmf-texlive/fonts/type1/public/amsfonts/cm/cmbx10.pfb></o
pt/local/share/texmf-texlive/fonts/type1/public/amsfonts/cm/cmbxsl10.pfb></opt/
local/share/texmf-texlive/fonts/type1/public/amsfonts/cm/cmcsc10.pfb></opt/loca
l/share/texmf-texlive/fonts/type1/public/amsfonts/cm/cmex10.pfb></opt/local/sha
re/texmf-texlive/fonts/type1/public/amsfonts/cm/cmmi10.pfb></opt/local/share/te
xmf-texlive/fonts/type1/public/amsfonts/cm/cmmi7.pfb></opt/local/share/texmf-te
xlive/fonts/type1/public/amsfonts/cm/cmr10.pfb></opt/local/share/texmf-texlive/
fonts/type1/public/amsfonts/cm/cmr7.pfb></opt/local/share/texmf-texlive/fonts/t
ype1/public/amsfonts/cm/cmss10.pfb></opt/local/share/texmf-texlive/fonts/type1/
public/amsfonts/cm/cmssbx10.pfb></opt/local/share/texmf-texlive/fonts/type1/pub
lic/amsfonts/cm/cmssi10.pfb></opt/local/share/texmf-texlive/fonts/type1/public/
amsfonts/cm/cmsy10.pfb></opt/local/share/texmf-texlive/fonts/type1/public/amsfo
nts/cm/cmsy7.pfb></opt/local/share/texmf-texlive/fonts/type1/public/amsfonts/la
txfont/line10.pfb>
Output written on 04-word-based-models.pdf (61 pages, 290224 bytes).
PDF statistics:
 445 PDF objects out of 1000 (max. 8388607)
 330 compressed objects within 4 object streams
 0 named destinations out of 1000 (max. 500000)
 96 words of extra memory for PDF output out of 10000 (max. 10000000)

