This is pdfTeX, Version 3.1415926-2.5-1.40.14 (TeX Live 2013/MacPorts 2013_5) (format=pdflatex 2014.2.2)  5 APR 2018 19:06
entering extended mode
 restricted \write18 enabled.
 file:line:error style messages enabled.
 %&-line parsing enabled.
**06-decoding.tex
(./06-decoding.tex
LaTeX2e <2011/06/27>
Babel <3.9f> and hyphenation patterns for 2 languages loaded.
(./slides.cls

LaTeX Warning: You have requested document class `slides',
               but the document class provides `infslides'.

Document Class: infslides 2000/11/28 v2.1.1 Informatics Presentation Slides Cla
ss - MEF
(/opt/local/share/texmf-texlive/tex/latex/base/ifthen.sty
Package: ifthen 2001/05/26 v1.1c Standard LaTeX ifthen package (DPC)
) (./foils.cls
Document Class: foils 2008/01/28 v2.1.4b FoilTeX Class File, Copyright IBM 1995
,1997,1998,2002,2008

Class FoilTeX Warning: Option 'dvips' is ignored when running pdflatex.

(./fltfonts.def
File: fltfonts.def 2008/01/28 v2.1.4b FoilTeX font definition file, Copyright I
BM 1995,1997,1998,2002,2008
\symflasy=\mathgroup4
LaTeX Info: Redefining \em on input line 243.
LaTeX Font Info:    Overwriting symbol font `operators' in version `normal'
(Font)                  OT1/cmr/m/n --> OT1/fcmr/m/n on input line 245.
LaTeX Font Info:    Overwriting symbol font `letters' in version `normal'
(Font)                  OML/cmm/m/it --> OML/fcmm/m/it on input line 246.
LaTeX Font Info:    Overwriting symbol font `symbols' in version `normal'
(Font)                  OMS/cmsy/m/n --> OMS/fcmsy/m/n on input line 247.
LaTeX Font Info:    Overwriting symbol font `largesymbols' in version `normal'
(Font)                  OMX/cmex/m/n --> OMX/fcmex/m/n on input line 248.
LaTeX Font Info:    Overwriting symbol font `operators' in version `bold'
(Font)                  OT1/cmr/bx/n --> OT1/fcmr/bx/n on input line 249.
LaTeX Font Info:    Overwriting symbol font `letters' in version `bold'
(Font)                  OML/cmm/b/it --> OML/fcmm/b/it on input line 250.
LaTeX Font Info:    Overwriting symbol font `symbols' in version `bold'
(Font)                  OMS/cmsy/b/n --> OMS/fcmsy/b/n on input line 251.
LaTeX Font Info:    Overwriting symbol font `largesymbols' in version `bold'
(Font)                  OMX/cmex/m/n --> OMX/fcmex/m/n on input line 252.
LaTeX Font Info:    Redeclaring math alphabet \mathrm on input line 253.
LaTeX Font Info:    Redeclaring math alphabet \mathbf on input line 254.
LaTeX Font Info:    Overwriting math alphabet `\mathbf' in version `normal'
(Font)                  OT1/cmr/bx/n --> OT1/fcmr/bx/n on input line 254.
LaTeX Font Info:    Overwriting math alphabet `\mathbf' in version `bold'
(Font)                  OT1/cmr/bx/n --> OT1/fcmr/bx/n on input line 254.
LaTeX Font Info:    Redeclaring math alphabet \mathsf on input line 255.
LaTeX Font Info:    Overwriting math alphabet `\mathsf' in version `normal'
(Font)                  OT1/cmss/m/n --> OT1/fcmss/m/n on input line 255.
LaTeX Font Info:    Overwriting math alphabet `\mathsf' in version `bold'
(Font)                  OT1/cmss/bx/n --> OT1/fcmss/m/n on input line 255.
LaTeX Font Info:    Redeclaring math alphabet \mathit on input line 256.
LaTeX Font Info:    Overwriting math alphabet `\mathit' in version `normal'
(Font)                  OT1/cmr/m/it --> OT1/fcmr/m/it on input line 256.
LaTeX Font Info:    Overwriting math alphabet `\mathit' in version `bold'
(Font)                  OT1/cmr/bx/it --> OT1/fcmr/m/it on input line 256.
LaTeX Font Info:    Redeclaring math alphabet \mathtt on input line 257.
LaTeX Font Info:    Overwriting math alphabet `\mathtt' in version `normal'
(Font)                  OT1/cmtt/m/n --> OT1/fcmtt/m/n on input line 257.
LaTeX Font Info:    Overwriting math alphabet `\mathtt' in version `bold'
(Font)                  OT1/cmtt/m/n --> OT1/fcmtt/m/n on input line 257.
LaTeX Info: Redefining \cal on input line 258.
LaTeX Info: Redefining \mit on input line 259.
) (./foil20.clo
File: foil20.clo 2008/01/28 v2.1.4b FoilTeX file (size option), Copyright IBM 1
995,1997,1998,2002,2008
)
\head@footskip=\dimen102
\@foilheight=\dimen103
\@foilwidth=\dimen104
\abovetitleskip=\skip41
\titleauthorskip=\skip42
\authorauthorskip=\skip43
\authordateskip=\skip44
\dateabstractskip=\skip45
\@tempfootbox=\box26
\@tempfootht=\dimen105
\bibindent=\dimen106
\abovecaptionskip=\skip46
\belowcaptionskip=\skip47
\@captionwidth=\skip48
\captionwidth=\skip49
\abovefloatskip=\skip50
\c@table=\count79
\c@figure=\count80
\foilheadskip=\skip51
\c@Theorem=\count81
\c@Lemma=\count82
\c@Corollary=\count83
\c@Proposition=\count84
\c@Definition=\count85
)
(/opt/local/share/texmf-texlive/tex/latex/graphics/graphics.sty
Package: graphics 2009/02/05 v1.0o Standard LaTeX Graphics (DPC,SPQR)

(/opt/local/share/texmf-texlive/tex/latex/graphics/trig.sty
Package: trig 1999/03/16 v1.09 sin cos tan (DPC)
)
(/opt/local/share/texmf-texlive/tex/latex/latexconfig/graphics.cfg
File: graphics.cfg 2010/04/23 v1.9 graphics configuration of TeX Live
)
Package graphics Info: Driver file: pdftex.def on input line 91.

(/opt/local/share/texmf-texlive/tex/latex/pdftex-def/pdftex.def
File: pdftex.def 2011/05/27 v0.06d Graphics/color for pdfTeX

(/opt/local/share/texmf-texlive/tex/generic/oberdiek/infwarerr.sty
Package: infwarerr 2010/04/08 v1.3 Providing info/warning/error messages (HO)
)
(/opt/local/share/texmf-texlive/tex/generic/oberdiek/ltxcmds.sty
Package: ltxcmds 2011/11/09 v1.22 LaTeX kernel commands for general use (HO)
)
\Gread@gobject=\count86
))
\c@section=\count87
\c@subsection=\count88
\c@subsubsection=\count89
\c@paragraph=\count90
\c@subparagraph=\count91
\foiltitleskip=\skip52
)
(/opt/local/share/texmf-texlive/tex/latex/url/url.sty
\Urlmuskip=\muskip10
Package: url 2006/04/12  ver 3.3  Verb mode for urls, etc.
)
(/opt/local/share/texmf-texlive/tex/latex/amsmath/amsmath.sty
Package: amsmath 2013/01/14 v2.14 AMS math features
\@mathmargin=\skip53

For additional information on amsmath, use the `?' option.
(/opt/local/share/texmf-texlive/tex/latex/amsmath/amstext.sty
Package: amstext 2000/06/29 v2.01

(/opt/local/share/texmf-texlive/tex/latex/amsmath/amsgen.sty
File: amsgen.sty 1999/11/30 v2.0
\@emptytoks=\toks14
\ex@=\dimen107
))
(/opt/local/share/texmf-texlive/tex/latex/amsmath/amsbsy.sty
Package: amsbsy 1999/11/29 v1.2d
\pmbraise@=\dimen108
)
(/opt/local/share/texmf-texlive/tex/latex/amsmath/amsopn.sty
Package: amsopn 1999/12/14 v2.01 operator names
)
\inf@bad=\count92
LaTeX Info: Redefining \frac on input line 210.
\uproot@=\count93
\leftroot@=\count94
LaTeX Info: Redefining \overline on input line 306.
\classnum@=\count95
\DOTSCASE@=\count96
LaTeX Info: Redefining \ldots on input line 378.
LaTeX Info: Redefining \dots on input line 381.
LaTeX Info: Redefining \cdots on input line 466.
\Mathstrutbox@=\box27
\strutbox@=\box28
\big@size=\dimen109
LaTeX Font Info:    Redeclaring font encoding OML on input line 566.
LaTeX Font Info:    Redeclaring font encoding OMS on input line 567.
\macc@depth=\count97
\c@MaxMatrixCols=\count98
\dotsspace@=\muskip11
\c@parentequation=\count99
\dspbrk@lvl=\count100
\tag@help=\toks15
\row@=\count101
\column@=\count102
\maxfields@=\count103
\andhelp@=\toks16
\eqnshift@=\dimen110
\alignsep@=\dimen111
\tagshift@=\dimen112
\tagwidth@=\dimen113
\totwidth@=\dimen114
\lineht@=\dimen115
\@envbody=\toks17
\multlinegap=\skip54
\multlinetaggap=\skip55
\mathdisplay@stack=\toks18
LaTeX Info: Redefining \[ on input line 2665.
LaTeX Info: Redefining \] on input line 2666.
)
(/opt/local/share/texmf-texlive/tex/latex/graphics/graphicx.sty
Package: graphicx 1999/02/16 v1.0f Enhanced LaTeX Graphics (DPC,SPQR)

(/opt/local/share/texmf-texlive/tex/latex/graphics/keyval.sty
Package: keyval 1999/03/16 v1.13 key=value parser (DPC)
\KV@toks@=\toks19
)
\Gin@req@height=\dimen116
\Gin@req@width=\dimen117
)
(/opt/local/share/texmf-texlive/tex/latex/graphics/color.sty
Package: color 2005/11/14 v1.0j Standard LaTeX Color (DPC)

(/opt/local/share/texmf-texlive/tex/latex/latexconfig/color.cfg
File: color.cfg 2007/01/18 v1.5 color configuration of teTeX/TeXLive
)
Package color Info: Driver file: pdftex.def on input line 130.
)
(/opt/local/share/texmf-texlive/tex/latex/eepic/epic.sty
Enhancements to Picture Environment. Version 1.2 - Released June 1, 1986
\@@multicnt=\count104
\d@lta=\count105
\@delta=\dimen118
\@@delta=\dimen119
\@gridcnt=\count106
\@joinkind=\count107
\@dotgap=\dimen120
\@ddotgap=\dimen121
\@x@diff=\count108
\@y@diff=\count109
\x@diff=\dimen122
\y@diff=\dimen123
\@dotbox=\box29
\num@segments=\count110
\num@segmentsi=\count111
\@datafile=\read1
) (./ecltree.sty
ECL Tree graph macro by isozaki, Nov. 12, 1990 + 2e FIX
\@BundleWidth=\dimen124
\@BundleDepth=\dimen125
\@BundleHeight=\dimen126
\@NodeBox=\box30
\GapDepth=\dimen127
\GapWidth=\dimen128
\EdgeLabelSep=\dimen129
) (./eclbip.sty
ECL Bipartite graph style file by isozaki Dec.2, 1990
\bip@len=\dimen130
\bip@box=\box31
) (/opt/local/share/texmf-texlive/tex/latex/tools/array.sty
Package: array 2008/09/09 v2.4c Tabular extension package (FMi)
\col@sep=\dimen131
\extrarowheight=\dimen132
\NC@list=\toks20
\extratabsurround=\skip56
\backup@length=\skip57
) (./algorithmic.sty
Package: algorithmic 2009/08/24 v0.1 Document Style `algorithmic'
\c@ALC@unique=\count112
\c@ALC@line=\count113
\c@ALC@rem=\count114
\c@ALC@depth=\count115
\ALC@tlm=\skip58
\algorithmicindent=\skip59
) (./algorithm.sty
Package: algorithm 2009/08/24 v0.1 Document Style `algorithm' - floating enviro
nment
 (/opt/local/share/texmf-texlive/tex/latex/float/float.sty
Package: float 2001/11/08 v1.3d Float enhancements (AL)
\c@float@type=\count116
\float@exts=\toks21
\float@box=\box32
\@float@everytoks=\toks22
\@floatcapt=\box33
)
\@float@every@algorithm=\toks23
\c@algorithm=\count117
)
Package color Info: Redefining color red on input line 19.

(./06-decoding.aux)
\openout1 = `06-decoding.aux'.

LaTeX Font Info:    Checking defaults for OML/cmm/m/it on input line 25.
LaTeX Font Info:    ... okay on input line 25.
LaTeX Font Info:    Checking defaults for T1/cmr/m/n on input line 25.
LaTeX Font Info:    ... okay on input line 25.
LaTeX Font Info:    Checking defaults for OT1/cmr/m/n on input line 25.
LaTeX Font Info:    ... okay on input line 25.
LaTeX Font Info:    Checking defaults for OMS/cmsy/m/n on input line 25.
LaTeX Font Info:    ... okay on input line 25.
LaTeX Font Info:    Checking defaults for OMX/cmex/m/n on input line 25.
LaTeX Font Info:    ... okay on input line 25.
LaTeX Font Info:    Checking defaults for U/cmr/m/n on input line 25.
LaTeX Font Info:    ... okay on input line 25.

(/opt/local/share/texmf-texlive/tex/context/base/supp-pdf.mkii
[Loading MPS to PDF converter (version 2006.09.02).]
\scratchcounter=\count118
\scratchdimen=\dimen133
\scratchbox=\box34
\nofMPsegments=\count119
\nofMParguments=\count120
\everyMPshowfont=\toks24
\MPscratchCnt=\count121
\MPscratchDim=\dimen134
\MPnumerator=\count122
\makeMPintoPDFobject=\count123
\everyMPtoPDFconversion=\toks25
) (/opt/local/share/texmf-texlive/tex/generic/oberdiek/pdftexcmds.sty
Package: pdftexcmds 2011/11/29 v0.20 Utility functions of pdfTeX for LuaTeX (HO
)

(/opt/local/share/texmf-texlive/tex/generic/oberdiek/ifluatex.sty
Package: ifluatex 2010/03/01 v1.3 Provides the ifluatex switch (HO)
Package ifluatex Info: LuaTeX not detected.
)
(/opt/local/share/texmf-texlive/tex/generic/oberdiek/ifpdf.sty
Package: ifpdf 2011/01/30 v2.3 Provides the ifpdf switch (HO)
Package ifpdf Info: pdfTeX in PDF mode is detected.
)
Package pdftexcmds Info: LuaTeX not detected.
Package pdftexcmds Info: \pdf@primitive is available.
Package pdftexcmds Info: \pdf@ifprimitive is available.
Package pdftexcmds Info: \pdfdraftmode found.
)
(/opt/local/share/texmf-texlive/tex/latex/oberdiek/epstopdf-base.sty
Package: epstopdf-base 2010/02/09 v2.5 Base part for package epstopdf

(/opt/local/share/texmf-texlive/tex/latex/oberdiek/grfext.sty
Package: grfext 2010/08/19 v1.1 Manage graphics extensions (HO)

(/opt/local/share/texmf-texlive/tex/generic/oberdiek/kvdefinekeys.sty
Package: kvdefinekeys 2011/04/07 v1.3 Define keys (HO)
))
(/opt/local/share/texmf-texlive/tex/latex/oberdiek/kvoptions.sty
Package: kvoptions 2011/06/30 v3.11 Key value format for package options (HO)

(/opt/local/share/texmf-texlive/tex/generic/oberdiek/kvsetkeys.sty
Package: kvsetkeys 2012/04/25 v1.16 Key value parser (HO)

(/opt/local/share/texmf-texlive/tex/generic/oberdiek/etexcmds.sty
Package: etexcmds 2011/02/16 v1.5 Avoid name clashes with e-TeX commands (HO)
Package etexcmds Info: Could not find \expanded.
(etexcmds)             That can mean that you are not using pdfTeX 1.50 or
(etexcmds)             that some package has redefined \expanded.
(etexcmds)             In the latter case, load this package earlier.
)))
Package grfext Info: Graphics extension search list:
(grfext)             [.png,.pdf,.jpg,.mps,.jpeg,.jbig2,.jb2,.PNG,.PDF,.JPG,.JPE
G,.JBIG2,.JB2,.eps]
(grfext)             \AppendGraphicsExtensions on input line 452.

(/opt/local/share/texmf-texlive/tex/latex/latexconfig/epstopdf-sys.cfg
File: epstopdf-sys.cfg 2010/07/13 v1.3 Configuration of (r)epstopdf for TeX Liv
e
))
[0

{/opt/local/var/db/texmf/fonts/map/pdftex/updmap/pdftex.map}] [1]
<translation-step1.pdf, id=15, 418.56375pt x 38.1425pt>
File: translation-step1.pdf Graphic file (type pdf)

<use translation-step1.pdf>
Package pdftex.def Info: translation-step1.pdf used on input line 60.
(pdftex.def)             Requested size: 627.84407pt x 57.2136pt.
 [2 <./translation-step1.pdf>]
<translation-step2.pdf, id=28, 430.60875pt x 106.3975pt>
File: translation-step2.pdf Graphic file (type pdf)

<use translation-step2.pdf>
Package pdftex.def Info: translation-step2.pdf used on input line 69.
(pdftex.def)             Requested size: 645.91151pt x 159.59584pt.
 [3 <./translation-step2.pdf>]
<translation-step3.pdf, id=49, 430.60875pt x 106.3975pt>
File: translation-step3.pdf Graphic file (type pdf)

<use translation-step3.pdf>
Package pdftex.def Info: translation-step3.pdf used on input line 81.
(pdftex.def)             Requested size: 645.91151pt x 159.59584pt.
 [4 <./translation-step3.pdf>]
<translation-step4.pdf, id=70, 430.60875pt x 106.3975pt>
File: translation-step4.pdf Graphic file (type pdf)

<use translation-step4.pdf>
Package pdftex.def Info: translation-step4.pdf used on input line 96.
(pdftex.def)             Requested size: 645.91151pt x 159.59584pt.
 [5 <./translation-step4.pdf>]
<translation-step5.pdf, id=91, 430.60875pt x 106.3975pt>
File: translation-step5.pdf Graphic file (type pdf)

<use translation-step5.pdf>
Package pdftex.def Info: translation-step5.pdf used on input line 107.
(pdftex.def)             Requested size: 645.91151pt x 159.59584pt.
 [6 <./translation-step5.pdf>]
LaTeX Font Info:    Font shape `OT1/fcmss/m/sc' in size <20.74> not available
(Font)              Font shape `OT1/fcmr/m/sc' tried instead on input line 119.

 [7]
<translation-options.pdf, id=121, 440.64626pt x 188.705pt>
File: translation-options.pdf Graphic file (type pdf)

<use translation-options.pdf>
Package pdftex.def Info: translation-options.pdf used on input line 133.
(pdftex.def)             Requested size: 660.96776pt x 283.0568pt.
 [8 <./translation-options.pdf>]
<translation-options-correct.pdf, id=142, 440.64626pt x 188.705pt>
File: translation-options-correct.pdf Graphic file (type pdf)

<use translation-options-correct.pdf>
Package pdftex.def Info: translation-options-correct.pdf used on input line 147
.
(pdftex.def)             Requested size: 660.96776pt x 283.0568pt.
 [9 <./translation-options-correct.pdf>]
<decoding-step1.pdf, id=164, 439.6425pt x 109.40875pt>
File: decoding-step1.pdf Graphic file (type pdf)

<use decoding-step1.pdf>
Package pdftex.def Info: decoding-step1.pdf used on input line 162.
(pdftex.def)             Requested size: 571.53517pt x 142.23132pt.
 [10 <./decoding-step1.pdf>]
<decoding-step2.pdf, id=180, 439.6425pt x 211.79124pt>
File: decoding-step2.pdf Graphic file (type pdf)

<use decoding-step2.pdf>
Package pdftex.def Info: decoding-step2.pdf used on input line 170.
(pdftex.def)             Requested size: 571.53517pt x 275.32858pt.
 [11 <./decoding-step2.pdf>]
<decoding-step3.pdf, id=196, 439.6425pt x 211.79124pt>
File: decoding-step3.pdf Graphic file (type pdf)

<use decoding-step3.pdf>
Package pdftex.def Info: decoding-step3.pdf used on input line 178.
(pdftex.def)             Requested size: 571.53517pt x 275.32858pt.
 [12 <./decoding-step3.pdf>]
<decoding-step4.pdf, id=218, 439.6425pt x 248.93pt>
File: decoding-step4.pdf Graphic file (type pdf)
 <use decoding-step4.pdf>
Package pdftex.def Info: decoding-step4.pdf used on input line 186.
(pdftex.def)             Requested size: 571.53517pt x 323.60895pt.

[13 <./decoding-step4.pdf>]
<decoding-step5.pdf, id=239, 439.6425pt x 258.9675pt>
File: decoding-step5.pdf Graphic file (type pdf)
 <use decoding-step5.pdf>
Package pdftex.def Info: decoding-step5.pdf used on input line 194.
(pdftex.def)             Requested size: 571.53517pt x 336.65768pt.

[14 <./decoding-step5.pdf>]
<decoding-step6.pdf, id=260, 439.6425pt x 256.96pt>
File: decoding-step6.pdf Graphic file (type pdf)
 <use decoding-step6.pdf>
Package pdftex.def Info: decoding-step6.pdf used on input line 202.
(pdftex.def)             Requested size: 571.53517pt x 334.04796pt.

[15 <./decoding-step6.pdf>] [16]
<recombination-example1.pdf, id=284, 242.9075pt x 85.31876pt>
File: recombination-example1.pdf Graphic file (type pdf)

<use recombination-example1.pdf>
Package pdftex.def Info: recombination-example1.pdf used on input line 230.
(pdftex.def)             Requested size: 315.7797pt x 110.91434pt.

<recombination-example2.pdf, id=285, 242.9075pt x 86.3225pt>
File: recombination-example2.pdf Graphic file (type pdf)

<use recombination-example2.pdf>
Package pdftex.def Info: recombination-example2.pdf used on input line 234.
(pdftex.def)             Requested size: 315.7797pt x 112.21921pt.
 [17 <./recombination-example1.pdf> <./recombination-example2.pdf>]
<recombination-example3b.pdf, id=314, 221.82875pt x 68.255pt>
File: recombination-example3b.pdf Graphic file (type pdf)

<use recombination-example3b.pdf>
Package pdftex.def Info: recombination-example3b.pdf used on input line 250.
(pdftex.def)             Requested size: 288.3773pt x 88.73148pt.

<recombination-example4b.pdf, id=315, 221.82875pt x 68.255pt>
File: recombination-example4b.pdf Graphic file (type pdf)

<use recombination-example4b.pdf>
Package pdftex.def Info: recombination-example4b.pdf used on input line 254.
(pdftex.def)             Requested size: 288.3773pt x 88.73148pt.
 [18 <./recombination-example3b.pdf> <./recombination-example4b.pdf>] [19] [20]

<hypothesis-stacks-fw.pdf, id=396, 431.6125pt x 264.99pt>
File: hypothesis-stacks-fw.pdf Graphic file (type pdf)

<use hypothesis-stacks-fw.pdf>
Package pdftex.def Info: hypothesis-stacks-fw.pdf used on input line 290.
(pdftex.def)             Requested size: 517.9324pt x 317.9864pt.
 [21 <./hypothesis-stacks-fw.pdf>] [22] [23]
[24] <hyp-cost-comparison.pdf, id=422, 340.27126pt x 174.6525pt>
File: hyp-cost-comparison.pdf Graphic file (type pdf)

<use hyp-cost-comparison.pdf>
Package pdftex.def Info: hyp-cost-comparison.pdf used on input line 364.
(pdftex.def)             Requested size: 510.40562pt x 261.9781pt.
 [25 <./hyp-cost-comparison.pdf>] [26]
<future-cost-covered-spans.pdf, id=446, 359.3425pt x 189.70876pt>
File: future-cost-covered-spans.pdf Graphic file (type pdf)

<use future-cost-covered-spans.pdf>
Package pdftex.def Info: future-cost-covered-spans.pdf used on input line 387.
(pdftex.def)             Requested size: 610.87964pt x 322.5035pt.
 [27 <./future-cost-covered-spans.pdf>]
[28] <future-cost-comparison.pdf, id=466, 480.79625pt x 91.34125pt>
File: future-cost-comparison.pdf Graphic file (type pdf)

<use future-cost-comparison.pdf>
Package pdftex.def Info: future-cost-comparison.pdf used on input line 420.
(pdftex.def)             Requested size: 673.11014pt x 127.87686pt.
 [29 <./future-cost-comparison.pdf>] [30]
<a-star-search.pdf, id=491, 664.4825pt x 296.10625pt>
File: a-star-search.pdf Graphic file (type pdf)
 <use a-star-search.pdf>
Package pdftex.def Info: a-star-search.pdf used on input line 448.
(pdftex.def)             Requested size: 664.48087pt x 296.10551pt.

[31 <./a-star-search.pdf>] [32] [33] (./06-decoding.aux) ) 
Here is how much of TeX's memory you used:
 3197 strings out of 495035
 44613 string characters out of 6181626
 104140 words of memory out of 5000000
 6339 multiletter control sequences out of 15000+600000
 12279 words of font info for 45 fonts, out of 8000000 for 9000
 14 hyphenation exceptions out of 8191
 38i,9n,23p,280b,623s stack positions out of 5000i,500n,10000p,200000b,80000s
</opt/local/share/tex
mf-texlive/fonts/type1/public/amsfonts/cm/cmbx10.pfb></opt/local/share/texmf-te
xlive/fonts/type1/public/amsfonts/cm/cmcsc10.pfb></opt/local/share/texmf-texliv
e/fonts/type1/public/amsfonts/cm/cmex10.pfb></opt/local/share/texmf-texlive/fon
ts/type1/public/amsfonts/cm/cmmi10.pfb></opt/local/share/texmf-texlive/fonts/ty
pe1/public/amsfonts/cm/cmmi7.pfb></opt/local/share/texmf-texlive/fonts/type1/pu
blic/amsfonts/cm/cmr10.pfb></opt/local/share/texmf-texlive/fonts/type1/public/a
msfonts/cm/cmr7.pfb></opt/local/share/texmf-texlive/fonts/type1/public/amsfonts
/cm/cmss10.pfb></opt/local/share/texmf-texlive/fonts/type1/public/amsfonts/cm/c
mssbx10.pfb></opt/local/share/texmf-texlive/fonts/type1/public/amsfonts/cm/cmss
i10.pfb></opt/local/share/texmf-texlive/fonts/type1/public/amsfonts/cm/cmsy10.p
fb></opt/local/share/texmf-texlive/fonts/type1/public/amsfonts/cm/cmsy7.pfb>
Output written on 06-decoding.pdf (34 pages, 437297 bytes).
PDF statistics:
 559 PDF objects out of 1000 (max. 8388607)
 389 compressed objects within 4 object streams
 0 named destinations out of 1000 (max. 500000)
 111 words of extra memory for PDF output out of 10000 (max. 10000000)

