This is pdfTeXk, Version 3.1415926-1.40.9 (Web2C 7.5.7) (format=pdflatex 2008.12.20)  19 DEC 2011 17:02
entering extended mode
\write18 enabled.
 %&-line parsing enabled.
**07-language-models.tex
(./07-language-models.tex
LaTeX2e <2005/12/01>
Babel <v3.8l> and hyphenation patterns for english, usenglishmax, dumylang, noh
yphenation, german-x-2008-06-18, ngerman-x-2008-06-18, ancientgreek, ibycus, ar
abic, basque, bulgarian, catalan, pinyin, coptic, croatian, czech, danish, dutc
h, esperanto, estonian, farsi, finnish, french, galician, german, ngerman, mono
greek, greek, hungarian, icelandic, indonesian, interlingua, irish, italian, la
tin, mongolian, mongolian2a, bokmal, nynorsk, polish, portuguese, romanian, rus
sian, sanskrit, serbian, slovak, slovenian, spanish, swedish, turkish, ukenglis
h, ukrainian, uppersorbian, welsh, loaded.
(./slides.cls

LaTeX Warning: You have requested document class `slides',
               but the document class provides `infslides'.

Document Class: infslides 2000/11/28 v2.1.1 Informatics Presentation Slides Cla
ss - MEF
(/usr/local/texlive/2008/texmf-dist/tex/latex/base/ifthen.sty
Package: ifthen 2001/05/26 v1.1c Standard LaTeX ifthen package (DPC)
)
(/usr/local/texlive/2008/../texmf-local/tex/latex/foiltex/foils.cls
Document Class: foils 2008/01/28 v2.1.4b FoilTeX Class File, Copyright IBM 1995
,1997,1998,2002,2008

Class FoilTeX Warning: Option 'dvips' is ignored when running pdflatex.

(/usr/local/texlive/2008/../texmf-local/tex/latex/foiltex/fltfonts.def
File: fltfonts.def 2008/01/28 v2.1.4b FoilTeX font definition file, Copyright I
BM 1995,1997,1998,2002,2008
\symflasy=\mathgroup4
LaTeX Info: Redefining \em on input line 243.
LaTeX Font Info:    Overwriting symbol font `operators' in version `normal'
(Font)                  OT1/cmr/m/n --> OT1/fcmr/m/n on input line 245.
LaTeX Font Info:    Overwriting symbol font `letters' in version `normal'
(Font)                  OML/cmm/m/it --> OML/fcmm/m/it on input line 246.
LaTeX Font Info:    Overwriting symbol font `symbols' in version `normal'
(Font)                  OMS/cmsy/m/n --> OMS/fcmsy/m/n on input line 247.
LaTeX Font Info:    Overwriting symbol font `largesymbols' in version `normal'
(Font)                  OMX/cmex/m/n --> OMX/fcmex/m/n on input line 248.
LaTeX Font Info:    Overwriting symbol font `operators' in version `bold'
(Font)                  OT1/cmr/bx/n --> OT1/fcmr/bx/n on input line 249.
LaTeX Font Info:    Overwriting symbol font `letters' in version `bold'
(Font)                  OML/cmm/b/it --> OML/fcmm/b/it on input line 250.
LaTeX Font Info:    Overwriting symbol font `symbols' in version `bold'
(Font)                  OMS/cmsy/b/n --> OMS/fcmsy/b/n on input line 251.
LaTeX Font Info:    Overwriting symbol font `largesymbols' in version `bold'
(Font)                  OMX/cmex/m/n --> OMX/fcmex/m/n on input line 252.
LaTeX Font Info:    Redeclaring math alphabet \mathrm on input line 253.
LaTeX Font Info:    Redeclaring math alphabet \mathbf on input line 254.
LaTeX Font Info:    Overwriting math alphabet `\mathbf' in version `normal'
(Font)                  OT1/cmr/bx/n --> OT1/fcmr/bx/n on input line 254.
LaTeX Font Info:    Overwriting math alphabet `\mathbf' in version `bold'
(Font)                  OT1/cmr/bx/n --> OT1/fcmr/bx/n on input line 254.
LaTeX Font Info:    Redeclaring math alphabet \mathsf on input line 255.
LaTeX Font Info:    Overwriting math alphabet `\mathsf' in version `normal'
(Font)                  OT1/cmss/m/n --> OT1/fcmss/m/n on input line 255.
LaTeX Font Info:    Overwriting math alphabet `\mathsf' in version `bold'
(Font)                  OT1/cmss/bx/n --> OT1/fcmss/m/n on input line 255.
LaTeX Font Info:    Redeclaring math alphabet \mathit on input line 256.
LaTeX Font Info:    Overwriting math alphabet `\mathit' in version `normal'
(Font)                  OT1/cmr/m/it --> OT1/fcmr/m/it on input line 256.
LaTeX Font Info:    Overwriting math alphabet `\mathit' in version `bold'
(Font)                  OT1/cmr/bx/it --> OT1/fcmr/m/it on input line 256.
LaTeX Font Info:    Redeclaring math alphabet \mathtt on input line 257.
LaTeX Font Info:    Overwriting math alphabet `\mathtt' in version `normal'
(Font)                  OT1/cmtt/m/n --> OT1/fcmtt/m/n on input line 257.
LaTeX Font Info:    Overwriting math alphabet `\mathtt' in version `bold'
(Font)                  OT1/cmtt/m/n --> OT1/fcmtt/m/n on input line 257.
LaTeX Info: Redefining \cal on input line 258.
LaTeX Info: Redefining \mit on input line 259.
)
(/usr/local/texlive/2008/../texmf-local/tex/latex/foiltex/foil20.clo
File: foil20.clo 2008/01/28 v2.1.4b FoilTeX file (size option), Copyright IBM 1
995,1997,1998,2002,2008
)
\head@footskip=\dimen102
\@foilheight=\dimen103
\@foilwidth=\dimen104
\abovetitleskip=\skip41
\titleauthorskip=\skip42
\authorauthorskip=\skip43
\authordateskip=\skip44
\dateabstractskip=\skip45
\@tempfootbox=\box26
\@tempfootht=\dimen105
\bibindent=\dimen106
\abovecaptionskip=\skip46
\belowcaptionskip=\skip47
\@captionwidth=\skip48
\captionwidth=\skip49
\abovefloatskip=\skip50
\c@table=\count79
\c@figure=\count80
\foilheadskip=\skip51
\c@Theorem=\count81
\c@Lemma=\count82
\c@Corollary=\count83
\c@Proposition=\count84
\c@Definition=\count85
)
(/usr/local/texlive/2008/texmf-dist/tex/latex/graphics/graphics.sty
Package: graphics 2006/02/20 v1.0o Standard LaTeX Graphics (DPC,SPQR)

(/usr/local/texlive/2008/texmf-dist/tex/latex/graphics/trig.sty
Package: trig 1999/03/16 v1.09 sin cos tan (DPC)
)
(/usr/local/texlive/2008/texmf/tex/latex/config/graphics.cfg
File: graphics.cfg 2007/01/18 v1.5 graphics configuration of teTeX/TeXLive
)
Package graphics Info: Driver file: pdftex.def on input line 90.

(/usr/local/texlive/2008/texmf-dist/tex/latex/pdftex-def/pdftex.def
File: pdftex.def 2008/07/16 v0.04k Graphics/color for pdfTeX
\Gread@gobject=\count86
))
\c@section=\count87
\c@subsection=\count88
\c@subsubsection=\count89
\c@paragraph=\count90
\c@subparagraph=\count91
\foiltitleskip=\skip52
)
(/usr/local/texlive/2008/texmf-dist/tex/latex/ltxmisc/url.sty
\Urlmuskip=\muskip10
Package: url 2006/04/12  ver 3.3  Verb mode for urls, etc.
)
(/usr/local/texlive/2008/texmf-dist/tex/latex/amsmath/amsmath.sty
Package: amsmath 2000/07/18 v2.13 AMS math features
\@mathmargin=\skip53

For additional information on amsmath, use the `?' option.
(/usr/local/texlive/2008/texmf-dist/tex/latex/amsmath/amstext.sty
Package: amstext 2000/06/29 v2.01

(/usr/local/texlive/2008/texmf-dist/tex/latex/amsmath/amsgen.sty
File: amsgen.sty 1999/11/30 v2.0
\@emptytoks=\toks14
\ex@=\dimen107
))
(/usr/local/texlive/2008/texmf-dist/tex/latex/amsmath/amsbsy.sty
Package: amsbsy 1999/11/29 v1.2d
\pmbraise@=\dimen108
)
(/usr/local/texlive/2008/texmf-dist/tex/latex/amsmath/amsopn.sty
Package: amsopn 1999/12/14 v2.01 operator names
)
\inf@bad=\count92
LaTeX Info: Redefining \frac on input line 211.
\uproot@=\count93
\leftroot@=\count94
LaTeX Info: Redefining \overline on input line 307.
\classnum@=\count95
\DOTSCASE@=\count96
LaTeX Info: Redefining \ldots on input line 379.
LaTeX Info: Redefining \dots on input line 382.
LaTeX Info: Redefining \cdots on input line 467.
\Mathstrutbox@=\box27
\strutbox@=\box28
\big@size=\dimen109
LaTeX Font Info:    Redeclaring font encoding OML on input line 567.
LaTeX Font Info:    Redeclaring font encoding OMS on input line 568.
\macc@depth=\count97
\c@MaxMatrixCols=\count98
\dotsspace@=\muskip11
\c@parentequation=\count99
\dspbrk@lvl=\count100
\tag@help=\toks15
\row@=\count101
\column@=\count102
\maxfields@=\count103
\andhelp@=\toks16
\eqnshift@=\dimen110
\alignsep@=\dimen111
\tagshift@=\dimen112
\tagwidth@=\dimen113
\totwidth@=\dimen114
\lineht@=\dimen115
\@envbody=\toks17
\multlinegap=\skip54
\multlinetaggap=\skip55
\mathdisplay@stack=\toks18
LaTeX Info: Redefining \[ on input line 2666.
LaTeX Info: Redefining \] on input line 2667.
)
(/usr/local/texlive/2008/texmf-dist/tex/latex/graphics/graphicx.sty
Package: graphicx 1999/02/16 v1.0f Enhanced LaTeX Graphics (DPC,SPQR)

(/usr/local/texlive/2008/texmf-dist/tex/latex/graphics/keyval.sty
Package: keyval 1999/03/16 v1.13 key=value parser (DPC)
\KV@toks@=\toks19
)
\Gin@req@height=\dimen116
\Gin@req@width=\dimen117
)
(/usr/local/texlive/2008/texmf-dist/tex/latex/graphics/color.sty
Package: color 2005/11/14 v1.0j Standard LaTeX Color (DPC)

(/usr/local/texlive/2008/texmf/tex/latex/config/color.cfg
File: color.cfg 2007/01/18 v1.5 color configuration of teTeX/TeXLive
)
Package color Info: Driver file: pdftex.def on input line 130.
)
(/usr/local/texlive/2008/texmf-dist/tex/latex/eepic/epic.sty
Enhancements to Picture Environment. Version 1.2 - Released June 1, 1986
\@@multicnt=\count104
\d@lta=\count105
\@delta=\dimen118
\@@delta=\dimen119
\@gridcnt=\count106
\@joinkind=\count107
\@dotgap=\dimen120
\@ddotgap=\dimen121
\@x@diff=\count108
\@y@diff=\count109
\x@diff=\dimen122
\y@diff=\dimen123
\@dotbox=\box29
\num@segments=\count110
\num@segmentsi=\count111
\@datafile=\read1
) (/usr/local/texlive/2008/../texmf-local/tex/latex/eclbib/ecltree.sty
ECL Tree graph macro by isozaki, Nov. 12, 1990
\@BundleWidth=\dimen124
\@BundleDepth=\dimen125
\@BundleHeight=\dimen126
\@NodeBox=\box30
\GapDepth=\dimen127
\GapWidth=\dimen128
\EdgeLabelSep=\dimen129
) (/usr/local/texlive/2008/texmf-dist/tex/latex/misc209/bar.sty
Option BAR, Version 1.0 Sep. 92, J.Bleser, TH Darmstadt, HRZ
bug fix for CTAN April 1994 (SPQR, for David Carlisle)
\breite=\count112
\hoehe=\count113
\tiefe=\count114
\lhoehe=\count115
\anzbar=\count116
\hbarI=\count117
\xpos=\count118
\lxpos=\count119
\halfbreite=\count120
\ypos=\count121
\lypos=\count122
\tmpa=\count123
\tmpb=\count124
\tmpc=\count125
\tmpd=\count126
\tmpe=\count127
\xmin=\count128
\xmax=\count129
\xstep=\count130
\deltax=\count131
\yhoehe=\count132
\ymin=\count133
\ymax=\count134
\ystep=\count135
\yminII=\count136
\ymaxII=\count137
\deltay=\count138
\ymove=\count139
\xmove=\count140
\inter=\count141
\exact=\count142
\xexact=\count143
\dtmpa=\dimen130
\dtmpb=\dimen131
\dmin=\dimen132
\dmax=\dimen133
\dstep=\dimen134
\dxmin=\dimen135
\dxmax=\dimen136
\dxstep=\dimen137
\faktor=\dimen138
\dinter=\dimen139
\mybox=\box31
\xbox=\box32
\ybox=\box33
\vorz=\count144
) (/usr/local/texlive/2008/../texmf-local/tex/latex/eclbib/eclbip.sty
ECL Bipartite graph style file by isozaki Dec.2, 1990
\bip@len=\dimen140
\bip@box=\box34
) (/usr/local/texlive/2008/texmf-dist/tex/latex/tools/multicol.sty
Package: multicol 2006/05/18 v1.6g multicolumn formatting (FMi)
\c@tracingmulticols=\count145
\mult@box=\box35
\multicol@leftmargin=\dimen141
\c@unbalance=\count146
\c@collectmore=\count147
\doublecol@number=\count148
\multicoltolerance=\count149
\multicolpretolerance=\count150
\full@width=\dimen142
\page@free=\dimen143
\premulticols=\dimen144
\postmulticols=\dimen145
\multicolsep=\skip56
\multicolbaselineskip=\skip57
\partial@page=\box36
\last@line=\box37
\mult@rightbox=\box38
\mult@grightbox=\box39
\mult@gfirstbox=\box40
\mult@firstbox=\box41
\@tempa=\box42
\@tempa=\box43
\@tempa=\box44
\@tempa=\box45
\@tempa=\box46
\@tempa=\box47
\@tempa=\box48
\@tempa=\box49
\@tempa=\box50
\@tempa=\box51
\@tempa=\box52
\@tempa=\box53
\@tempa=\box54
\@tempa=\box55
\@tempa=\box56
\@tempa=\box57
\@tempa=\box58
\c@columnbadness=\count151
\c@finalcolumnbadness=\count152
\last@try=\dimen146
\multicolovershoot=\dimen147
\multicolundershoot=\dimen148
\mult@nat@firstbox=\box59
\colbreak@box=\box60
)
(/usr/local/texlive/2008/texmf-dist/tex/latex/algorithms/algorithmic.sty
Package: algorithmic 2006/06/02

Document Style `algorithmic' - environment
(/usr/local/texlive/2008/texmf-dist/tex/latex/tools/calc.sty
Package: calc 2005/08/06 v4.2 Infix arithmetic (KKT,FJ)
\calc@Acount=\count153
\calc@Bcount=\count154
\calc@Adimen=\dimen149
\calc@Bdimen=\dimen150
\calc@Askip=\skip58
\calc@Bskip=\skip59
LaTeX Info: Redefining \setlength on input line 75.
LaTeX Info: Redefining \addtolength on input line 76.
\calc@Ccount=\count155
\calc@Cskip=\skip60
)
\c@ALC@line=\count156
\c@ALC@rem=\count157
\c@ALC@depth=\count158
\ALC@tlm=\skip61
\algorithmicindent=\skip62
)
(/usr/local/texlive/2008/texmf-dist/tex/latex/algorithms/algorithm.sty
Package: algorithm 

Document Style `algorithm' - floating environment
(/usr/local/texlive/2008/texmf-dist/tex/latex/float/float.sty
Package: float 2001/11/08 v1.3d Float enhancements (AL)
\c@float@type=\count159
\float@exts=\toks20
\float@box=\box61
\@float@everytoks=\toks21
\@floatcapt=\box62
)
\@float@every@algorithm=\toks22
\c@algorithm=\count160
)
Package color Info: Redefining color red on input line 19.

(./07-language-models.aux)
\openout1 = `07-language-models.aux'.

LaTeX Font Info:    Checking defaults for OML/cmm/m/it on input line 25.
LaTeX Font Info:    ... okay on input line 25.
LaTeX Font Info:    Checking defaults for T1/cmr/m/n on input line 25.
LaTeX Font Info:    ... okay on input line 25.
LaTeX Font Info:    Checking defaults for OT1/cmr/m/n on input line 25.
LaTeX Font Info:    ... okay on input line 25.
LaTeX Font Info:    Checking defaults for OMS/cmsy/m/n on input line 25.
LaTeX Font Info:    ... okay on input line 25.
LaTeX Font Info:    Checking defaults for OMX/cmex/m/n on input line 25.
LaTeX Font Info:    ... okay on input line 25.
LaTeX Font Info:    Checking defaults for U/cmr/m/n on input line 25.
LaTeX Font Info:    ... okay on input line 25.

(/usr/local/texlive/2008/texmf-dist/tex/context/base/supp-pdf.tex
[Loading MPS to PDF converter (version 2006.09.02).]
\scratchcounter=\count161
\scratchdimen=\dimen151
\scratchbox=\box63
\nofMPsegments=\count162
\nofMParguments=\count163
\everyMPshowfont=\toks23
\MPscratchCnt=\count164
\MPscratchDim=\dimen152
\MPnumerator=\count165
\everyMPtoPDFconversion=\toks24
) [0

{/usr/local/texlive/2008/texmf-var/fonts/map/pdftex/updmap/pdftex.map}]
LaTeX Font Info:    Font shape `OT1/fcmss/m/sc' in size <20.74> not available
(Font)              Font shape `OT1/fcmr/m/sc' tried instead on input line 41.

[1] [2] [3] [4]
Overfull \hbox (19.19928pt too wide) in paragraph at lines 102--139
 [] 
 []

[5] [6]
LaTeX Font Info:    Font shape `OML/fcmr/m/n' in size <20.74> not available
(Font)              Font shape `OML/fcmm/m/it' tried instead on input line 171.

 [7] [8] [9] [10] [11] [12] [13] [14] [15] [16] [17] [18] [19] [20]
[21] [22] [23] [24] [25] [26]
Overfull \hbox (25.0pt too wide) detected at line 542
[]
 []

[27] [28] [29] [30] [31] [32] [33] [34] [35] [36] [37] [38] [39] [40] [41]
[42] [43] [44] [45] <lm-trie.pdf, id=158, 470.75874pt x 554.07pt>
File: lm-trie.pdf Graphic file (type pdf)

<use lm-trie.pdf> [46 <./lm-trie.pdf>] [47] [48]
<l-s5.pdf, id=186, 361.35pt x 252.945pt>
File: l-s5.pdf Graphic file (type pdf)
 <use l-s5.pdf> [49 <./l-s5.pdf>]
[50] (./07-language-models.aux)

LaTeX Font Warning: Size substitutions with differences
(Font)              up to 6.05pt have occurred.

 ) 
Here is how much of TeX's memory you used:
 2728 strings out of 493886
 36068 string characters out of 1151098
 97039 words of memory out of 3000000
 5986 multiletter control sequences out of 10000+50000
 14557 words of font info for 54 fonts, out of 3000000 for 5000
 714 hyphenation exceptions out of 8191
 28i,26n,24p,252b,328s stack positions out of 5000i,500n,10000p,200000b,50000s
</usr/local/texlive/2008/texmf-dist/fonts/type1/bluesky/cm/cmcsc10.pfb></usr/
local/texlive/2008/texmf-dist/fonts/type1/bluesky/cm/cmex10.pfb></usr/local/tex
live/2008/texmf-dist/fonts/type1/bluesky/cm/cmmi10.pfb></usr/local/texlive/2008
/texmf-dist/fonts/type1/bluesky/cm/cmmi7.pfb></usr/local/texlive/2008/texmf-dis
t/fonts/type1/bluesky/cm/cmr10.pfb></usr/local/texlive/2008/texmf-dist/fonts/ty
pe1/bluesky/cm/cmr7.pfb></usr/local/texlive/2008/texmf-dist/fonts/type1/bluesky
/cm/cmss10.pfb></usr/local/texlive/2008/texmf-dist/fonts/type1/bluesky/cm/cmssb
x10.pfb></usr/local/texlive/2008/texmf-dist/fonts/type1/bluesky/cm/cmssi10.pfb>
</usr/local/texlive/2008/texmf-dist/fonts/type1/bluesky/cm/cmsy10.pfb></usr/loc
al/texlive/2008/texmf-dist/fonts/type1/bluesky/cm/cmsy7.pfb>
Output written on 07-language-models.pdf (51 pages, 204937 bytes).
PDF statistics:
 233 PDF objects out of 1000 (max. 8388607)
 0 named destinations out of 1000 (max. 131072)
 11 words of extra memory for PDF output out of 10000 (max. 10000000)

