This is pdfTeXk, Version 3.1415926-1.40.9 (Web2C 7.5.7) (format=pdflatex 2008.12.20)  25 MAR 2011 00:54
entering extended mode
\write18 enabled.
 %&-line parsing enabled.
**11-tree-based-models.tex
(./11-tree-based-models.tex
LaTeX2e <2005/12/01>
Babel <v3.8l> and hyphenation patterns for english, usenglishmax, dumylang, noh
yphenation, german-x-2008-06-18, ngerman-x-2008-06-18, ancientgreek, ibycus, ar
abic, basque, bulgarian, catalan, pinyin, coptic, croatian, czech, danish, dutc
h, esperanto, estonian, farsi, finnish, french, galician, german, ngerman, mono
greek, greek, hungarian, icelandic, indonesian, interlingua, irish, italian, la
tin, mongolian, mongolian2a, bokmal, nynorsk, polish, portuguese, romanian, rus
sian, sanskrit, serbian, slovak, slovenian, spanish, swedish, turkish, ukenglis
h, ukrainian, uppersorbian, welsh, loaded.
(./slides.cls

LaTeX Warning: You have requested document class `slides',
               but the document class provides `infslides'.

Document Class: infslides 2000/11/28 v2.1.1 Informatics Presentation Slides Cla
ss - MEF
(/usr/local/texlive/2008/texmf-dist/tex/latex/base/ifthen.sty
Package: ifthen 2001/05/26 v1.1c Standard LaTeX ifthen package (DPC)
)
(/usr/local/texlive/2008/../texmf-local/tex/latex/foiltex/foils.cls
Document Class: foils 2008/01/28 v2.1.4b FoilTeX Class File, Copyright IBM 1995
,1997,1998,2002,2008

Class FoilTeX Warning: Option 'dvips' is ignored when running pdflatex.

(/usr/local/texlive/2008/../texmf-local/tex/latex/foiltex/fltfonts.def
File: fltfonts.def 2008/01/28 v2.1.4b FoilTeX font definition file, Copyright I
BM 1995,1997,1998,2002,2008
\symflasy=\mathgroup4
LaTeX Info: Redefining \em on input line 243.
LaTeX Font Info:    Overwriting symbol font `operators' in version `normal'
(Font)                  OT1/cmr/m/n --> OT1/fcmr/m/n on input line 245.
LaTeX Font Info:    Overwriting symbol font `letters' in version `normal'
(Font)                  OML/cmm/m/it --> OML/fcmm/m/it on input line 246.
LaTeX Font Info:    Overwriting symbol font `symbols' in version `normal'
(Font)                  OMS/cmsy/m/n --> OMS/fcmsy/m/n on input line 247.
LaTeX Font Info:    Overwriting symbol font `largesymbols' in version `normal'
(Font)                  OMX/cmex/m/n --> OMX/fcmex/m/n on input line 248.
LaTeX Font Info:    Overwriting symbol font `operators' in version `bold'
(Font)                  OT1/cmr/bx/n --> OT1/fcmr/bx/n on input line 249.
LaTeX Font Info:    Overwriting symbol font `letters' in version `bold'
(Font)                  OML/cmm/b/it --> OML/fcmm/b/it on input line 250.
LaTeX Font Info:    Overwriting symbol font `symbols' in version `bold'
(Font)                  OMS/cmsy/b/n --> OMS/fcmsy/b/n on input line 251.
LaTeX Font Info:    Overwriting symbol font `largesymbols' in version `bold'
(Font)                  OMX/cmex/m/n --> OMX/fcmex/m/n on input line 252.
LaTeX Font Info:    Redeclaring math alphabet \mathrm on input line 253.
LaTeX Font Info:    Redeclaring math alphabet \mathbf on input line 254.
LaTeX Font Info:    Overwriting math alphabet `\mathbf' in version `normal'
(Font)                  OT1/cmr/bx/n --> OT1/fcmr/bx/n on input line 254.
LaTeX Font Info:    Overwriting math alphabet `\mathbf' in version `bold'
(Font)                  OT1/cmr/bx/n --> OT1/fcmr/bx/n on input line 254.
LaTeX Font Info:    Redeclaring math alphabet \mathsf on input line 255.
LaTeX Font Info:    Overwriting math alphabet `\mathsf' in version `normal'
(Font)                  OT1/cmss/m/n --> OT1/fcmss/m/n on input line 255.
LaTeX Font Info:    Overwriting math alphabet `\mathsf' in version `bold'
(Font)                  OT1/cmss/bx/n --> OT1/fcmss/m/n on input line 255.
LaTeX Font Info:    Redeclaring math alphabet \mathit on input line 256.
LaTeX Font Info:    Overwriting math alphabet `\mathit' in version `normal'
(Font)                  OT1/cmr/m/it --> OT1/fcmr/m/it on input line 256.
LaTeX Font Info:    Overwriting math alphabet `\mathit' in version `bold'
(Font)                  OT1/cmr/bx/it --> OT1/fcmr/m/it on input line 256.
LaTeX Font Info:    Redeclaring math alphabet \mathtt on input line 257.
LaTeX Font Info:    Overwriting math alphabet `\mathtt' in version `normal'
(Font)                  OT1/cmtt/m/n --> OT1/fcmtt/m/n on input line 257.
LaTeX Font Info:    Overwriting math alphabet `\mathtt' in version `bold'
(Font)                  OT1/cmtt/m/n --> OT1/fcmtt/m/n on input line 257.
LaTeX Info: Redefining \cal on input line 258.
LaTeX Info: Redefining \mit on input line 259.
)
(/usr/local/texlive/2008/../texmf-local/tex/latex/foiltex/foil20.clo
File: foil20.clo 2008/01/28 v2.1.4b FoilTeX file (size option), Copyright IBM 1
995,1997,1998,2002,2008
)
\head@footskip=\dimen102
\@foilheight=\dimen103
\@foilwidth=\dimen104
\abovetitleskip=\skip41
\titleauthorskip=\skip42
\authorauthorskip=\skip43
\authordateskip=\skip44
\dateabstractskip=\skip45
\@tempfootbox=\box26
\@tempfootht=\dimen105
\bibindent=\dimen106
\abovecaptionskip=\skip46
\belowcaptionskip=\skip47
\@captionwidth=\skip48
\captionwidth=\skip49
\abovefloatskip=\skip50
\c@table=\count79
\c@figure=\count80
\foilheadskip=\skip51
\c@Theorem=\count81
\c@Lemma=\count82
\c@Corollary=\count83
\c@Proposition=\count84
\c@Definition=\count85
)
(/usr/local/texlive/2008/texmf-dist/tex/latex/graphics/graphics.sty
Package: graphics 2006/02/20 v1.0o Standard LaTeX Graphics (DPC,SPQR)

(/usr/local/texlive/2008/texmf-dist/tex/latex/graphics/trig.sty
Package: trig 1999/03/16 v1.09 sin cos tan (DPC)
)
(/usr/local/texlive/2008/texmf/tex/latex/config/graphics.cfg
File: graphics.cfg 2007/01/18 v1.5 graphics configuration of teTeX/TeXLive
)
Package graphics Info: Driver file: pdftex.def on input line 90.

(/usr/local/texlive/2008/texmf-dist/tex/latex/pdftex-def/pdftex.def
File: pdftex.def 2008/07/16 v0.04k Graphics/color for pdfTeX
\Gread@gobject=\count86
))
\c@section=\count87
\c@subsection=\count88
\c@subsubsection=\count89
\c@paragraph=\count90
\c@subparagraph=\count91
\foiltitleskip=\skip52
)
(/usr/local/texlive/2008/texmf-dist/tex/latex/ltxmisc/url.sty
\Urlmuskip=\muskip10
Package: url 2006/04/12  ver 3.3  Verb mode for urls, etc.
)
(/usr/local/texlive/2008/texmf-dist/tex/latex/amsmath/amsmath.sty
Package: amsmath 2000/07/18 v2.13 AMS math features
\@mathmargin=\skip53

For additional information on amsmath, use the `?' option.
(/usr/local/texlive/2008/texmf-dist/tex/latex/amsmath/amstext.sty
Package: amstext 2000/06/29 v2.01

(/usr/local/texlive/2008/texmf-dist/tex/latex/amsmath/amsgen.sty
File: amsgen.sty 1999/11/30 v2.0
\@emptytoks=\toks14
\ex@=\dimen107
))
(/usr/local/texlive/2008/texmf-dist/tex/latex/amsmath/amsbsy.sty
Package: amsbsy 1999/11/29 v1.2d
\pmbraise@=\dimen108
)
(/usr/local/texlive/2008/texmf-dist/tex/latex/amsmath/amsopn.sty
Package: amsopn 1999/12/14 v2.01 operator names
)
\inf@bad=\count92
LaTeX Info: Redefining \frac on input line 211.
\uproot@=\count93
\leftroot@=\count94
LaTeX Info: Redefining \overline on input line 307.
\classnum@=\count95
\DOTSCASE@=\count96
LaTeX Info: Redefining \ldots on input line 379.
LaTeX Info: Redefining \dots on input line 382.
LaTeX Info: Redefining \cdots on input line 467.
\Mathstrutbox@=\box27
\strutbox@=\box28
\big@size=\dimen109
LaTeX Font Info:    Redeclaring font encoding OML on input line 567.
LaTeX Font Info:    Redeclaring font encoding OMS on input line 568.
\macc@depth=\count97
\c@MaxMatrixCols=\count98
\dotsspace@=\muskip11
\c@parentequation=\count99
\dspbrk@lvl=\count100
\tag@help=\toks15
\row@=\count101
\column@=\count102
\maxfields@=\count103
\andhelp@=\toks16
\eqnshift@=\dimen110
\alignsep@=\dimen111
\tagshift@=\dimen112
\tagwidth@=\dimen113
\totwidth@=\dimen114
\lineht@=\dimen115
\@envbody=\toks17
\multlinegap=\skip54
\multlinetaggap=\skip55
\mathdisplay@stack=\toks18
LaTeX Info: Redefining \[ on input line 2666.
LaTeX Info: Redefining \] on input line 2667.
)
(/usr/local/texlive/2008/texmf-dist/tex/latex/graphics/graphicx.sty
Package: graphicx 1999/02/16 v1.0f Enhanced LaTeX Graphics (DPC,SPQR)

(/usr/local/texlive/2008/texmf-dist/tex/latex/graphics/keyval.sty
Package: keyval 1999/03/16 v1.13 key=value parser (DPC)
\KV@toks@=\toks19
)
\Gin@req@height=\dimen116
\Gin@req@width=\dimen117
)
(/usr/local/texlive/2008/texmf-dist/tex/latex/graphics/color.sty
Package: color 2005/11/14 v1.0j Standard LaTeX Color (DPC)

(/usr/local/texlive/2008/texmf/tex/latex/config/color.cfg
File: color.cfg 2007/01/18 v1.5 color configuration of teTeX/TeXLive
)
Package color Info: Driver file: pdftex.def on input line 130.
)
(/usr/local/texlive/2008/texmf-dist/tex/latex/eepic/epic.sty
Enhancements to Picture Environment. Version 1.2 - Released June 1, 1986
\@@multicnt=\count104
\d@lta=\count105
\@delta=\dimen118
\@@delta=\dimen119
\@gridcnt=\count106
\@joinkind=\count107
\@dotgap=\dimen120
\@ddotgap=\dimen121
\@x@diff=\count108
\@y@diff=\count109
\x@diff=\dimen122
\y@diff=\dimen123
\@dotbox=\box29
\num@segments=\count110
\num@segmentsi=\count111
\@datafile=\read1
) (/usr/local/texlive/2008/../texmf-local/tex/latex/eclbib/ecltree.sty
ECL Tree graph macro by isozaki, Nov. 12, 1990
\@BundleWidth=\dimen124
\@BundleDepth=\dimen125
\@BundleHeight=\dimen126
\@NodeBox=\box30
\GapDepth=\dimen127
\GapWidth=\dimen128
\EdgeLabelSep=\dimen129
) (/usr/local/texlive/2008/texmf-dist/tex/latex/qtree/qtree.sty
Package: 2006/07/10 v.3.1Qtree: tree-drawing for linguistics
Package: qtree 2006/07/10 v.3.1Qtree: tree-drawing for linguistics
(/usr/local/texlive/2008/texmf-dist/tex/latex/pict2e/pict2e.sty
Package: pict2e 2008/07/22 v0.2w Improved picture commands (HjG,RN,JT)

(/usr/local/texlive/2008/texmf-dist/tex/latex/pict2e/pict2e.cfg
File: pict2e.cfg 2004/06/25 v0.1r pict2e configuration for teTeX/TeXLive
)
Package pict2e Info: Driver file: pdftex.def on input line 100.
Package pict2e Info: Driver file for pict2e: p2e-pdftex.def on input line 102.

(/usr/local/texlive/2008/texmf-dist/tex/latex/pict2e/p2e-pdftex.def
File: p2e-pdftex.def 2004/06/25 v0.1r Driver-dependant file (RN,HjG)
)
\pIIe@GRAPH=\toks20
\@arclen=\dimen130
\@arcrad=\dimen131
\@tempdimd=\dimen132
)
\c@treecount=\count112
\c@branchcount=\count113
\parentbox=\box31
\treebox=\box32
\treeboxone=\box33
\treeboxtwo=\box34
\treeboxthree=\box35
\treeboxfour=\box36
\treeboxfive=\box37
\treeboxsix=\box38
\treeboxseven=\box39
\treeboxeight=\box40
\treeboxnine=\box41
\treeboxten=\box42
\treeboxeleven=\box43
\treeboxtwelve=\box44
\treeboxthirteen=\box45
\treeboxfourteen=\box46
\treeboxfifteen=\box47
\treeboxsixteen=\box48
\treeboxseventeen=\box49
\treeboxeighteen=\box50
\treeboxnineteen=\box51
\treeboxtwenty=\box52
\treeoffsetone=\skip56
\treeoffsettwo=\skip57
\treeoffsetthree=\skip58
\treeoffsetfour=\skip59
\treeoffsetfive=\skip60
\treeoffsetsix=\skip61
\treeoffsetseven=\skip62
\treeoffseteight=\skip63
\treeoffsetnine=\skip64
\treeoffsetten=\skip65
\treeoffseteleven=\skip66
\treeoffsettwelve=\skip67
\treeoffsetthirteen=\skip68
\treeoffsetfourteen=\skip69
\treeoffsetfifteen=\skip70
\treeoffsetsixteen=\skip71
\treeoffsetseventeen=\skip72
\treeoffseteighteen=\skip73
\treeoffsetnineteen=\skip74
\treeoffsettwenty=\skip75
\treeshiftone=\skip76
\treeshifttwo=\skip77
\treeshiftthree=\skip78
\treeshiftfour=\skip79
\treeshiftfive=\skip80
\treeshiftsix=\skip81
\treeshiftseven=\skip82
\treeshifteight=\skip83
\treeshiftnine=\skip84
\treeshiftten=\skip85
\treeshifteleven=\skip86
\treeshifttwelve=\skip87
\treeshiftthirteen=\skip88
\treeshiftfourteen=\skip89
\treeshiftfifteen=\skip90
\treeshiftsixteen=\skip91
\treeshiftseventeen=\skip92
\treeshifteighteen=\skip93
\treeshiftnineteen=\skip94
\treeshifttwenty=\skip95
\treewidthone=\skip96
\treewidthtwo=\skip97
\treewidththree=\skip98
\treewidthfour=\skip99
\treewidthfive=\skip100
\treewidthsix=\skip101
\treewidthseven=\skip102
\treewidtheight=\skip103
\treewidthnine=\skip104
\treewidthten=\skip105
\treewidtheleven=\skip106
\treewidthtwelve=\skip107
\treewidththirteen=\skip108
\treewidthfourteen=\skip109
\treewidthfifteen=\skip110
\treewidthsixteen=\skip111
\treewidthseventeen=\skip112
\treewidtheighteen=\skip113
\treewidthnineteen=\skip114
\treewidthtwenty=\skip115
\daughteroffsetone=\skip116
\daughteroffsettwo=\skip117
\daughteroffsetthree=\skip118
\daughteroffsetfour=\skip119
\branchwidthone=\skip120
\branchwidthtwo=\skip121
\branchwidththree=\skip122
\branchwidthfour=\skip123
\parentoffset=\skip124
\treeoffset=\skip125
\daughteroffset=\skip126
\branchwidth=\skip127
\parentwidth=\skip128
\treewidth=\skip129
\qta=\toks21
\qtb=\toks22
\nbranches=\count114
\qroofx=\count115
\qroofy=\count116
\@qrscratchbox=\box53
)
(/usr/local/texlive/2008/texmf-dist/tex/latex/tools/array.sty
Package: array 2005/08/23 v2.4b Tabular extension package (FMi)
\col@sep=\dimen133
\extrarowheight=\dimen134
\NC@list=\toks23
\extratabsurround=\skip130
\backup@length=\skip131
)
(/usr/local/texlive/2008/../texmf-local/tex/latex/eclbib/eclbip.sty
ECL Bipartite graph style file by isozaki Dec.2, 1990
\bip@len=\dimen135
\bip@box=\box54
) (/usr/local/texlive/2008/texmf-dist/tex/latex/tools/multicol.sty
Package: multicol 2006/05/18 v1.6g multicolumn formatting (FMi)
\c@tracingmulticols=\count117
\mult@box=\box55
\multicol@leftmargin=\dimen136
\c@unbalance=\count118
\c@collectmore=\count119
\doublecol@number=\count120
\multicoltolerance=\count121
\multicolpretolerance=\count122
\full@width=\dimen137
\page@free=\dimen138
\premulticols=\dimen139
\postmulticols=\dimen140
\multicolsep=\skip132
\multicolbaselineskip=\skip133
\partial@page=\box56
\last@line=\box57
\mult@rightbox=\box58
\mult@grightbox=\box59
\mult@gfirstbox=\box60
\mult@firstbox=\box61
\@tempa=\box62
\@tempa=\box63
\@tempa=\box64
\@tempa=\box65
\@tempa=\box66
\@tempa=\box67
\@tempa=\box68
\@tempa=\box69
\@tempa=\box70
\@tempa=\box71
\@tempa=\box72
\@tempa=\box73
\@tempa=\box74
\@tempa=\box75
\@tempa=\box76
\@tempa=\box77
\@tempa=\box78
\c@columnbadness=\count123
\c@finalcolumnbadness=\count124
\last@try=\dimen141
\multicolovershoot=\dimen142
\multicolundershoot=\dimen143
\mult@nat@firstbox=\box79
\colbreak@box=\box80
)
(/usr/local/texlive/2008/texmf-dist/tex/latex/algorithms/algorithmic.sty
Package: algorithmic 2006/06/02

Document Style `algorithmic' - environment
(/usr/local/texlive/2008/texmf-dist/tex/latex/tools/calc.sty
Package: calc 2005/08/06 v4.2 Infix arithmetic (KKT,FJ)
\calc@Acount=\count125
\calc@Bcount=\count126
\calc@Adimen=\dimen144
\calc@Bdimen=\dimen145
\calc@Askip=\skip134
\calc@Bskip=\skip135
LaTeX Info: Redefining \setlength on input line 75.
LaTeX Info: Redefining \addtolength on input line 76.
\calc@Ccount=\count127
\calc@Cskip=\skip136
)
\c@ALC@line=\count128
\c@ALC@rem=\count129
\c@ALC@depth=\count130
\ALC@tlm=\skip137
\algorithmicindent=\skip138
)
(/usr/local/texlive/2008/texmf-dist/tex/latex/algorithms/algorithm.sty
Package: algorithm 

Document Style `algorithm' - floating environment
(/usr/local/texlive/2008/texmf-dist/tex/latex/float/float.sty
Package: float 2001/11/08 v1.3d Float enhancements (AL)
\c@float@type=\count131
\float@exts=\toks24
\float@box=\box81
\@float@everytoks=\toks25
\@floatcapt=\box82
)
\@float@every@algorithm=\toks26
\c@algorithm=\count132
)
Package color Info: Redefining color red on input line 21.

(./11-tree-based-models.aux)
\openout1 = `11-tree-based-models.aux'.

LaTeX Font Info:    Checking defaults for OML/cmm/m/it on input line 28.
LaTeX Font Info:    ... okay on input line 28.
LaTeX Font Info:    Checking defaults for T1/cmr/m/n on input line 28.
LaTeX Font Info:    ... okay on input line 28.
LaTeX Font Info:    Checking defaults for OT1/cmr/m/n on input line 28.
LaTeX Font Info:    ... okay on input line 28.
LaTeX Font Info:    Checking defaults for OMS/cmsy/m/n on input line 28.
LaTeX Font Info:    ... okay on input line 28.
LaTeX Font Info:    Checking defaults for OMX/cmex/m/n on input line 28.
LaTeX Font Info:    ... okay on input line 28.
LaTeX Font Info:    Checking defaults for U/cmr/m/n on input line 28.
LaTeX Font Info:    ... okay on input line 28.

(/usr/local/texlive/2008/texmf-dist/tex/context/base/supp-pdf.tex
[Loading MPS to PDF converter (version 2006.09.02).]
\scratchcounter=\count133
\scratchdimen=\dimen146
\scratchbox=\box83
\nofMPsegments=\count134
\nofMParguments=\count135
\everyMPshowfont=\toks27
\MPscratchCnt=\count136
\MPscratchDim=\dimen147
\MPnumerator=\count137
\everyMPtoPDFconversion=\toks28
) [0

{/usr/local/texlive/2008/texmf-var/fonts/map/pdftex/updmap/pdftex.map}]
[1]
LaTeX Font Info:    Font shape `OT1/fcmss/m/sc' in size <20.74> not available
(Font)              Font shape `OT1/fcmr/m/sc' tried instead on input line 67.
 [2] <tree-psg.pdf, id=16, 344.28625pt x 129.48375pt>
File: tree-psg.pdf Graphic file (type pdf)
 <use tree-psg.pdf>
Overfull \hbox (10.81204pt too wide) in paragraph at lines 76--76
 [] 
 []

[3 <./tree-psg.pdf>] [4] [5] [6]
<tree-aligned.pdf, id=46, 413.545pt x 242.9075pt>
File: tree-aligned.pdf Graphic file (type pdf)
 <use tree-aligned.pdf>
[7 <./tree-aligned.pdf>] [8]
Overfull \hbox (17.31953pt too wide) in paragraph at lines 188--188
 []|\OT1/fcmr/m/sc/20.74 pro/pp| 
 []


Overfull \hbox (15.04951pt too wide) in paragraph at lines 188--188
 []|$\OMS/fcmsy/m/n/20.74 !$| 
 []

[9]
Overfull \hbox (4.37184pt too wide) in paragraph at lines 212--212
 []|\OT1/fcmr/m/sc/20.74 vp| 
 []


Overfull \hbox (0.82314pt too wide) in paragraph at lines 212--212
 []|$\OMS/fcmsy/m/n/20.74 !$| 
 []

[10]
Overfull \hbox (4.37184pt too wide) in paragraph at lines 234--234
 []|\OT1/fcmr/m/sc/20.74 vp| 
 []


Overfull \hbox (0.82314pt too wide) in paragraph at lines 234--234
 []|$\OMS/fcmsy/m/n/20.74 !$| 
 []

[11] [12]
<hierarchical-phrase-extraction1.pdf, id=78, 340.27126pt x 262.9825pt>
File: hierarchical-phrase-extraction1.pdf Graphic file (type pdf)

<use hierarchical-phrase-extraction1.pdf> [13 <./hierarchical-phrase-extraction
1.pdf>] <hierarchical-phrase-extraction2.pdf, id=94, 409.53pt x 262.9825pt>
File: hierarchical-phrase-extraction2.pdf Graphic file (type pdf)

<use hierarchical-phrase-extraction2.pdf> [14 <./hierarchical-phrase-extraction
2.pdf>] <hierarchical-phrase-extraction3.pdf, id=110, 433.62pt x 262.9825pt>
File: hierarchical-phrase-extraction3.pdf Graphic file (type pdf)

<use hierarchical-phrase-extraction3.pdf> [15 <./hierarchical-phrase-extraction
3.pdf>] <hierarchical-phrase-extraction4.pdf, id=126, 379.4175pt x 262.9825pt>
File: hierarchical-phrase-extraction4.pdf Graphic file (type pdf)

<use hierarchical-phrase-extraction4.pdf> [16 <./hierarchical-phrase-extraction
4.pdf>] [17] [18]
LaTeX Font Info:    Font shape `OT1/fcmr/m/sl' in size <20.74> not available
(Font)              Font shape `OT1/fcmss/m/sl' tried instead on input line 323
.
 [19]
<hierarchical-phrase-extraction-syntax1.pdf, id=158, 354.32375pt x 308.15125pt>
File: hierarchical-phrase-extraction-syntax1.pdf Graphic file (type pdf)
<use hierarchical-phrase-extraction-syntax1.pdf>
LaTeX Font Info:    Font shape `OT1/fcmss/m/sc' in size <14.4> not available
(Font)              Font shape `OT1/fcmr/m/sc' tried instead on input line 346.


Overfull \hbox (3.89871pt too wide) in paragraph at lines 338--348
 [] 
 []

[20 <./hierarchical-phrase-extraction-syntax1.pdf>] [21]
<hierarchical-phrase-extraction-syntax2.pdf, id=177, 354.32375pt x 308.15125pt>
File: hierarchical-phrase-extraction-syntax2.pdf Graphic file (type pdf)
<use hierarchical-phrase-extraction-syntax2.pdf>
Overfull \hbox (32.35147pt too wide) in paragraph at lines 368--376
 [] 
 []

[22 <./hierarchical-phrase-extraction-syntax2.pdf>]
<hierarchical-phrase-extraction-syntax3.pdf, id=193, 354.32375pt x 308.15125pt>
File: hierarchical-phrase-extraction-syntax3.pdf Graphic file (type pdf)
<use hierarchical-phrase-extraction-syntax3.pdf>
Overfull \hbox (8.99815pt too wide) in paragraph at lines 395--395
[]$\OT1/fcmr/m/n/29.86 =$ 
 []


Overfull \hbox (32.35147pt too wide) in paragraph at lines 383--397
 [] 
 []

[23 <./hierarchical-phrase-extraction-syntax3.pdf>] [24]
<minimal-rules0.pdf, id=214, 325.215pt x 159.59625pt>
File: minimal-rules0.pdf Graphic file (type pdf)
 <use minimal-rules0.pdf>
[25 <./minimal-rules0.pdf>]
<minimal-rules1.pdf, id=227, 325.215pt x 159.59625pt>
File: minimal-rules1.pdf Graphic file (type pdf)
 <use minimal-rules1.pdf>
[26 <./minimal-rules1.pdf>]
<minimal-rules2.pdf, id=241, 325.215pt x 167.62625pt>
File: minimal-rules2.pdf Graphic file (type pdf)
 <use minimal-rules2.pdf>
[27 <./minimal-rules2.pdf>] <minimal-rules3.pdf, id=256, 325.215pt x 168.63pt>
File: minimal-rules3.pdf Graphic file (type pdf)

<use minimal-rules3.pdf> [28 <./minimal-rules3.pdf>]
<minimal-rules4.pdf, id=272, 325.215pt x 168.63pt>
File: minimal-rules4.pdf Graphic file (type pdf)
 <use minimal-rules4.pdf>
[29 <./minimal-rules4.pdf>] <minimal-rules5.pdf, id=288, 325.215pt x 168.63pt>
File: minimal-rules5.pdf Graphic file (type pdf)

<use minimal-rules5.pdf> [30 <./minimal-rules5.pdf>]
<minimal-rules6.pdf, id=305, 325.215pt x 168.63pt>
File: minimal-rules6.pdf Graphic file (type pdf)
 <use minimal-rules6.pdf>
[31 <./minimal-rules6.pdf>]
<minimal-rules7.pdf, id=322, 328.22626pt x 168.63pt>
File: minimal-rules7.pdf Graphic file (type pdf)
 <use minimal-rules7.pdf>
[32 <./minimal-rules7.pdf>]
<minimal-rules8.pdf, id=340, 328.22626pt x 169.63374pt>
File: minimal-rules8.pdf Graphic file (type pdf)

<use minimal-rules8.pdf> [33 <./minimal-rules8.pdf>]
<minimal-rules9.pdf, id=359, 328.22626pt x 180.675pt>
File: minimal-rules9.pdf Graphic file (type pdf)
 <use minimal-rules9.pdf>
[34 <./minimal-rules9.pdf>]
<minimal-rules-unaligned.pdf, id=379, 328.22626pt x 180.675pt>
File: minimal-rules-unaligned.pdf Graphic file (type pdf)

<use minimal-rules-unaligned.pdf> [35 <./minimal-rules-unaligned.pdf>] [36]
[37] [38] [39] [40] [41] [42] [43]
<chart-parsing-stacks.pdf, id=426, 421.575pt x 260.975pt>
File: chart-parsing-stacks.pdf Graphic file (type pdf)

<use chart-parsing-stacks.pdf> [44 <./chart-parsing-stacks.pdf>]
<chart-parsing0.pdf, id=442, 436.63126pt x 373.395pt>
File: chart-parsing0.pdf Graphic file (type pdf)
 <use chart-parsing0.pdf>
[45 <./chart-parsing0.pdf>]
<chart-parsing1.pdf, id=466, 436.63126pt x 373.395pt>
File: chart-parsing1.pdf Graphic file (type pdf)
 <use chart-parsing1.pdf>
[46 <./chart-parsing1.pdf>]
<chart-parsing2.pdf, id=490, 436.63126pt x 373.395pt>
File: chart-parsing2.pdf Graphic file (type pdf)
 <use chart-parsing2.pdf>
[47 <./chart-parsing2.pdf>]
<chart-parsing3.pdf, id=514, 436.63126pt x 373.395pt>
File: chart-parsing3.pdf Graphic file (type pdf)
 <use chart-parsing3.pdf>
[48 <./chart-parsing3.pdf>]
<chart-parsing4.pdf, id=539, 436.63126pt x 373.395pt>
File: chart-parsing4.pdf Graphic file (type pdf)
 <use chart-parsing4.pdf>
[49 <./chart-parsing4.pdf>]
<chart-parsing5.pdf, id=563, 436.63126pt x 373.395pt>
File: chart-parsing5.pdf Graphic file (type pdf)
 <use chart-parsing5.pdf>
[50 <./chart-parsing5.pdf>]
<chart-parsing.pdf, id=587, 454.69875pt x 393.47pt>
File: chart-parsing.pdf Graphic file (type pdf)
 <use chart-parsing.pdf>
[51 <./chart-parsing.pdf>]
<chart-stacks-color.pdf, id=611, 358.33875pt x 140.525pt>
File: chart-stacks-color.pdf Graphic file (type pdf)

<use chart-stacks-color.pdf> [52 <./chart-stacks-color.pdf>] [53]
File: chart-parsing-stacks.pdf Graphic file (type pdf)

<use chart-parsing-stacks.pdf>
File: chart-stacks-color.pdf Graphic file (type pdf)
 <use chart-stacks-color.pdf> [54]
<chart-recombination.pdf, id=626, 271.0125pt x 148.555pt>
File: chart-recombination.pdf Graphic file (type pdf)

<use chart-recombination.pdf> [55 <./chart-recombination.pdf>]
<chart-recombination2.pdf, id=649, 319.1925pt x 148.555pt>
File: chart-recombination2.pdf Graphic file (type pdf)

<use chart-recombination2.pdf> [56 <./chart-recombination2.pdf>]
<chart-recombination3.pdf, id=672, 122.4575pt x 63.23625pt>
File: chart-recombination3.pdf Graphic file (type pdf)

<use chart-recombination3.pdf> [57 <./chart-recombination3.pdf>]
<chart-recombination4.pdf, id=688, 122.4575pt x 63.23625pt>
File: chart-recombination4.pdf Graphic file (type pdf)

<use chart-recombination4.pdf> [58 <./chart-recombination4.pdf>] [59]
<syntax-rule-lm-merging.pdf, id=712, 365.365pt x 228.855pt>
File: syntax-rule-lm-merging.pdf Graphic file (type pdf)

<use syntax-rule-lm-merging.pdf> [60 <./syntax-rule-lm-merging.pdf>] [61]
[62] [63] [64] <rule-lookup1.pdf, id=746, 430.60875pt x 122.4575pt>
File: rule-lookup1.pdf Graphic file (type pdf)

<use rule-lookup1.pdf> [65 <./rule-lookup1.pdf>]
<rule-lookup2.pdf, id=776, 430.60875pt x 122.4575pt>
File: rule-lookup2.pdf Graphic file (type pdf)
 <use rule-lookup2.pdf>
[66 <./rule-lookup2.pdf>] <rule-lookup3.pdf, id=807, 430.60875pt x 122.4575pt>
File: rule-lookup3.pdf Graphic file (type pdf)

<use rule-lookup3.pdf> [67 <./rule-lookup3.pdf>]
<rule-lookup4.pdf, id=837, 430.60875pt x 122.4575pt>
File: rule-lookup4.pdf Graphic file (type pdf)
 <use rule-lookup4.pdf>
[68 <./rule-lookup4.pdf>] <rule-lookup5.pdf, id=867, 430.60875pt x 122.4575pt>
File: rule-lookup5.pdf Graphic file (type pdf)

<use rule-lookup5.pdf> [69 <./rule-lookup5.pdf>]
<rule-lookup6.pdf, id=897, 430.60875pt x 122.4575pt>
File: rule-lookup6.pdf Graphic file (type pdf)
 <use rule-lookup6.pdf>
[70 <./rule-lookup6.pdf>] <rule-lookup.pdf, id=927, 430.60875pt x 122.4575pt>
File: rule-lookup.pdf Graphic file (type pdf)

<use rule-lookup.pdf> [71 <./rule-lookup.pdf>] [72]
<accessing-grammar-rules-prefix.pdf, id=961, 349.305pt x 146.5475pt>
File: accessing-grammar-rules-prefix.pdf Graphic file (type pdf)

<use accessing-grammar-rules-prefix.pdf> [73 <./accessing-grammar-rules-prefix.
pdf>] [74]
<accessing-grammar-rules-early-example00.pdf, id=995, 429.605pt x 164.615pt>
File: accessing-grammar-rules-early-example00.pdf Graphic file (type pdf)

<use accessing-grammar-rules-early-example00.pdf> [75 <./accessing-grammar-rule
s-early-example00.pdf>]
<accessing-grammar-rules-early-example0.pdf, id=1011, 429.605pt x 164.615pt>
File: accessing-grammar-rules-early-example0.pdf Graphic file (type pdf)

<use accessing-grammar-rules-early-example0.pdf> [76 <./accessing-grammar-rules
-early-example0.pdf>]
<accessing-grammar-rules-prefix-early0.pdf, id=1027, 91.34125pt x 16.06pt>
File: accessing-grammar-rules-prefix-early0.pdf Graphic file (type pdf)

<use accessing-grammar-rules-prefix-early0.pdf>
File: accessing-grammar-rules-early-example0.pdf Graphic file (type pdf)

<use accessing-grammar-rules-early-example0.pdf> [77 <./accessing-grammar-rules
-prefix-early0.pdf>]
File: accessing-grammar-rules-prefix-early0.pdf Graphic file (type pdf)
 <use accessing-grammar-rules-prefix-early0.pdf>
<accessing-grammar-rules-early-example1.pdf, id=1063, 429.605pt x 164.615pt>
File: accessing-grammar-rules-early-example1.pdf Graphic file (type pdf)

<use accessing-grammar-rules-early-example1.pdf> [78 <./accessing-grammar-rules
-early-example1.pdf>]
<accessing-grammar-rules-prefix-early1.pdf, id=1087, 134.5025pt x 24.09pt>
File: accessing-grammar-rules-prefix-early1.pdf Graphic file (type pdf)

<use accessing-grammar-rules-prefix-early1.pdf>
File: accessing-grammar-rules-early-example1.pdf Graphic file (type pdf)

<use accessing-grammar-rules-early-example1.pdf> [79 <./accessing-grammar-rules
-prefix-early1.pdf>]
File: accessing-grammar-rules-prefix-early1.pdf Graphic file (type pdf)
 <use accessing-grammar-rules-prefix-early1.pdf>
<accessing-grammar-rules-early-example2.pdf, id=1133, 429.605pt x 164.615pt>
File: accessing-grammar-rules-early-example2.pdf Graphic file (type pdf)

<use accessing-grammar-rules-early-example2.pdf> [80 <./accessing-grammar-rules
-early-example2.pdf>]
<accessing-grammar-rules-prefix-early2.pdf, id=1161, 91.34125pt x 37.13875pt>
File: accessing-grammar-rules-prefix-early2.pdf Graphic file (type pdf)

<use accessing-grammar-rules-prefix-early2.pdf>
File: accessing-grammar-rules-early-example2.pdf Graphic file (type pdf)

<use accessing-grammar-rules-early-example2.pdf> [81 <./accessing-grammar-rules
-prefix-early2.pdf>]
File: accessing-grammar-rules-prefix-early2.pdf Graphic file (type pdf)
 <use accessing-grammar-rules-prefix-early2.pdf>
<accessing-grammar-rules-early-example3.pdf, id=1197, 429.605pt x 164.615pt>
File: accessing-grammar-rules-early-example3.pdf Graphic file (type pdf)

<use accessing-grammar-rules-early-example3.pdf> [82 <./accessing-grammar-rules
-early-example3.pdf>]
File: accessing-grammar-rules-prefix-early2.pdf Graphic file (type pdf)
 <use accessing-grammar-rules-prefix-early2.pdf>
<accessing-grammar-rules-early-example4.pdf, id=1225, 429.605pt x 164.615pt>
File: accessing-grammar-rules-early-example4.pdf Graphic file (type pdf)

<use accessing-grammar-rules-early-example4.pdf> [83 <./accessing-grammar-rules
-early-example4.pdf>]
<accessing-grammar-rules-prefix-early3.pdf, id=1253, 91.34125pt x 57.21375pt>
File: accessing-grammar-rules-prefix-early3.pdf Graphic file (type pdf)

<use accessing-grammar-rules-prefix-early3.pdf>
File: accessing-grammar-rules-early-example4.pdf Graphic file (type pdf)

<use accessing-grammar-rules-early-example4.pdf> [84 <./accessing-grammar-rules
-prefix-early3.pdf>]
File: accessing-grammar-rules-prefix-early3.pdf Graphic file (type pdf)
 <use accessing-grammar-rules-prefix-early3.pdf>
<accessing-grammar-rules-early-example5.pdf, id=1290, 429.605pt x 164.615pt>
File: accessing-grammar-rules-early-example5.pdf Graphic file (type pdf)

<use accessing-grammar-rules-early-example5.pdf> [85 <./accessing-grammar-rules
-early-example5.pdf>]
<accessing-grammar-rules-prefix-early4.pdf, id=1318, 108.405pt x 80.3pt>
File: accessing-grammar-rules-prefix-early4.pdf Graphic file (type pdf)

<use accessing-grammar-rules-prefix-early4.pdf>
File: accessing-grammar-rules-early-example5.pdf Graphic file (type pdf)

<use accessing-grammar-rules-early-example5.pdf> [86 <./accessing-grammar-rules
-prefix-early4.pdf>]
File: accessing-grammar-rules-prefix-early4.pdf Graphic file (type pdf)
 <use accessing-grammar-rules-prefix-early4.pdf>
<accessing-grammar-rules-early-example6.pdf, id=1364, 429.605pt x 164.615pt>
File: accessing-grammar-rules-early-example6.pdf Graphic file (type pdf)

<use accessing-grammar-rules-early-example6.pdf> [87 <./accessing-grammar-rules
-early-example6.pdf>]
<accessing-grammar-rules-prefix-early5.pdf, id=1392, 91.34125pt x 97.36375pt>
File: accessing-grammar-rules-prefix-early5.pdf Graphic file (type pdf)

<use accessing-grammar-rules-prefix-early5.pdf>
File: accessing-grammar-rules-early-example6.pdf Graphic file (type pdf)

<use accessing-grammar-rules-early-example6.pdf> [88 <./accessing-grammar-rules
-prefix-early5.pdf>]
File: accessing-grammar-rules-prefix-early5.pdf Graphic file (type pdf)
 <use accessing-grammar-rules-prefix-early5.pdf>
<accessing-grammar-rules-early-example7.pdf, id=1428, 429.605pt x 164.615pt>
File: accessing-grammar-rules-early-example7.pdf Graphic file (type pdf)

<use accessing-grammar-rules-early-example7.pdf> [89 <./accessing-grammar-rules
-early-example7.pdf>]
File: accessing-grammar-rules-prefix-early5.pdf Graphic file (type pdf)
 <use accessing-grammar-rules-prefix-early5.pdf>
<accessing-grammar-rules-early-example8.pdf, id=1461, 429.605pt x 164.615pt>
File: accessing-grammar-rules-early-example8.pdf Graphic file (type pdf)

<use accessing-grammar-rules-early-example8.pdf> [90 <./accessing-grammar-rules
-early-example8.pdf>]
File: accessing-grammar-rules-prefix-early5.pdf Graphic file (type pdf)
 <use accessing-grammar-rules-prefix-early5.pdf>
<accessing-grammar-rules-early-example9.pdf, id=1500, 429.605pt x 164.615pt>
File: accessing-grammar-rules-early-example9.pdf Graphic file (type pdf)

<use accessing-grammar-rules-early-example9.pdf> [91 <./accessing-grammar-rules
-early-example9.pdf>]
File: accessing-grammar-rules-early-example9.pdf Graphic file (type pdf)
 <use accessing-grammar-rules-early-example9.pdf> [92]
<accessing-grammar-rules-prefix-early6.pdf, id=1541, 216.81pt x 97.36375pt>
File: accessing-grammar-rules-prefix-early6.pdf Graphic file (type pdf)

<use accessing-grammar-rules-prefix-early6.pdf>
File: accessing-grammar-rules-early-example9.pdf Graphic file (type pdf)

<use accessing-grammar-rules-early-example9.pdf> [93 <./accessing-grammar-rules
-prefix-early6.pdf>]
<accessing-grammar-rules-prefix-early7.pdf, id=1579, 177.66376pt x 77.28876pt>
File: accessing-grammar-rules-prefix-early7.pdf Graphic file (type pdf)

<use accessing-grammar-rules-prefix-early7.pdf>
File: accessing-grammar-rules-early-example9.pdf Graphic file (type pdf)

<use accessing-grammar-rules-early-example9.pdf> [94 <./accessing-grammar-rules
-prefix-early7.pdf>]
File: accessing-grammar-rules-prefix-early7.pdf Graphic file (type pdf)
 <use accessing-grammar-rules-prefix-early7.pdf>
<accessing-grammar-rules-early-example10.pdf, id=1615, 429.605pt x 164.615pt>
File: accessing-grammar-rules-early-example10.pdf Graphic file (type pdf)

<use accessing-grammar-rules-early-example10.pdf> [95 <./accessing-grammar-rule
s-early-example10.pdf>]
<accessing-grammar-rules-prefix-early8.pdf, id=1653, 238.8925pt x 77.28876pt>
File: accessing-grammar-rules-prefix-early8.pdf Graphic file (type pdf)

<use accessing-grammar-rules-prefix-early8.pdf>
File: accessing-grammar-rules-early-example10.pdf Graphic file (type pdf)

<use accessing-grammar-rules-early-example10.pdf> [96 <./accessing-grammar-rule
s-prefix-early8.pdf>]
File: accessing-grammar-rules-prefix-early8.pdf Graphic file (type pdf)
 <use accessing-grammar-rules-prefix-early8.pdf>
<accessing-grammar-rules-early-example11.pdf, id=1700, 429.605pt x 164.615pt>
File: accessing-grammar-rules-early-example11.pdf Graphic file (type pdf)

<use accessing-grammar-rules-early-example11.pdf> [97 <./accessing-grammar-rule
s-early-example11.pdf>]
<accessing-grammar-rules-prefix-early9.pdf, id=1738, 238.8925pt x 97.36375pt>
File: accessing-grammar-rules-prefix-early9.pdf Graphic file (type pdf)

<use accessing-grammar-rules-prefix-early9.pdf>
File: accessing-grammar-rules-early-example11.pdf Graphic file (type pdf)

<use accessing-grammar-rules-early-example11.pdf> [98 <./accessing-grammar-rule
s-prefix-early9.pdf>]
File: accessing-grammar-rules-prefix-early9.pdf Graphic file (type pdf)
 <use accessing-grammar-rules-prefix-early9.pdf>
<accessing-grammar-rules-early-example12.pdf, id=1784, 429.605pt x 164.615pt>
File: accessing-grammar-rules-early-example12.pdf Graphic file (type pdf)

<use accessing-grammar-rules-early-example12.pdf> [99 <./accessing-grammar-rule
s-early-example12.pdf>]
<accessing-grammar-rules-early-example14.pdf, id=1822, 429.605pt x 164.615pt>
File: accessing-grammar-rules-early-example14.pdf Graphic file (type pdf)

<use accessing-grammar-rules-early-example14.pdf> [100 <./accessing-grammar-rul
es-early-example14.pdf>] [101] [102] [103]
<cube-pruning-lexrule.pdf, id=1848, 241.90375pt x 72.27pt>
File: cube-pruning-lexrule.pdf Graphic file (type pdf)

<use cube-pruning-lexrule.pdf>
LaTeX Font Info:    Font shape `OT1/fcmss/m/sc' in size <17.28> not available
(Font)              Font shape `OT1/fcmr/m/sc' tried instead on input line 1312
.
 [104 <./cube-pruning-lexrule.pdf>]
<cube-pruning-3.pdf, id=1871, 387.4475pt x 72.27pt>
File: cube-pruning-3.pdf Graphic file (type pdf)
 <use cube-pruning-3.pdf>
[105 <./cube-pruning-3.pdf>]
<cube-pruning-cube0.pdf, id=1894, 170.6375pt x 170.6375pt>
File: cube-pruning-cube0.pdf Graphic file (type pdf)

<use cube-pruning-cube0.pdf> [106 <./cube-pruning-cube0.pdf>]
<cube-pruning-cube1.pdf, id=1915, 170.6375pt x 170.6375pt>
File: cube-pruning-cube1.pdf Graphic file (type pdf)

<use cube-pruning-cube1.pdf> [107 <./cube-pruning-cube1.pdf>]
<cube-pruning-cube2.pdf, id=1936, 170.6375pt x 170.6375pt>
File: cube-pruning-cube2.pdf Graphic file (type pdf)

<use cube-pruning-cube2.pdf> [108 <./cube-pruning-cube2.pdf>]
<cube-pruning-cube3.pdf, id=1958, 170.6375pt x 170.6375pt>
File: cube-pruning-cube3.pdf Graphic file (type pdf)

<use cube-pruning-cube3.pdf> [109 <./cube-pruning-cube3.pdf>]
<cube-pruning-cube4.pdf, id=1979, 170.6375pt x 170.6375pt>
File: cube-pruning-cube4.pdf Graphic file (type pdf)

<use cube-pruning-cube4.pdf> [110 <./cube-pruning-cube4.pdf>]
<cube-pruning-cube5.pdf, id=2000, 170.6375pt x 170.6375pt>
File: cube-pruning-cube5.pdf Graphic file (type pdf)

<use cube-pruning-cube5.pdf> [111 <./cube-pruning-cube5.pdf>]
<cube-pruning-cube6.pdf, id=2021, 170.6375pt x 170.6375pt>
File: cube-pruning-cube6.pdf Graphic file (type pdf)

<use cube-pruning-cube6.pdf> [112 <./cube-pruning-cube6.pdf>] [113] [114]
[115] [116] <tree-outside-cost.pdf, id=2055, 449.68pt x 126.4725pt>
File: tree-outside-cost.pdf Graphic file (type pdf)

<use tree-outside-cost.pdf> [117 <./tree-outside-cost.pdf>] [118] [119]
(./11-tree-based-models.aux) ) 
Here is how much of TeX's memory you used:
 3359 strings out of 493886
 51998 string characters out of 1151098
 111301 words of memory out of 3000000
 6530 multiletter control sequences out of 10000+50000
 15339 words of font info for 57 fonts, out of 3000000 for 5000
 714 hyphenation exceptions out of 8191
 28i,27n,37p,274b,551s stack positions out of 5000i,500n,10000p,200000b,50000s
</usr/local/texlive/2008/texmf-dist/fonts/type1/b
luesky/cm/cmcsc10.pfb></usr/local/texlive/2008/texmf-dist/fonts/type1/bluesky/c
m/cmex10.pfb></usr/local/texlive/2008/texmf-dist/fonts/type1/bluesky/cm/cmmi10.
pfb></usr/local/texlive/2008/texmf-dist/fonts/type1/bluesky/cm/cmmi7.pfb></usr/
local/texlive/2008/texmf-dist/fonts/type1/bluesky/cm/cmr10.pfb></usr/local/texl
ive/2008/texmf-dist/fonts/type1/bluesky/cm/cmr7.pfb></usr/local/texlive/2008/te
xmf-dist/fonts/type1/bluesky/cm/cmss10.pfb></usr/local/texlive/2008/texmf-dist/
fonts/type1/bluesky/cm/cmssbx10.pfb></usr/local/texlive/2008/texmf-dist/fonts/t
ype1/bluesky/cm/cmssi10.pfb></usr/local/texlive/2008/texmf-dist/fonts/type1/blu
esky/cm/cmsy10.pfb></usr/local/texlive/2008/texmf-dist/fonts/type1/bluesky/cm/c
msy7.pfb>
Output written on 11-tree-based-models.pdf (120 pages, 1844372 bytes).
PDF statistics:
 2116 PDF objects out of 2487 (max. 8388607)
 0 named destinations out of 1000 (max. 131072)
 386 words of extra memory for PDF output out of 10000 (max. 10000000)

