\BOOKMARK [0][-]{Doc-Start}{\1}{}% 1
\BOOKMARK [0][-]{Doc-Start}{\1}{}% 2
\BOOKMARK [0][-]{Doc-Start}{\1}{}% 3
\BOOKMARK [0][-]{chapter.1}{Chapter 1. \040Introduction}{}% 4
\BOOKMARK [0][-]{chapter.2}{Chapter 2. \040What are glosses? Why are they golden representations of meanings?}{}% 5
\BOOKMARK [1][-]{section.2.1}{Introduction: What are Glosses?}{chapter.2}% 6
\BOOKMARK [1][-]{section.2.2}{The Golden Properties of Glosses}{chapter.2}% 7
\BOOKMARK [2][-]{subsection.2.2.1}{Glosses Cluster Different Words with the Same Meanings \(Synonyms\) Into a Single representation}{section.2.2}% 8
\BOOKMARK [2][-]{subsection.2.2.2}{Glosses Distinguish Homographs' Different Meanings}{section.2.2}% 9
\BOOKMARK [2][-]{subsection.2.2.3}{Glosses are Sensitive to Hierarchical Structures in Natural Language Sentences}{section.2.2}% 10
\BOOKMARK [1][-]{section.2.3}{Conclusion: What Is a Gloss Line and Why Do They Matter?}{chapter.2}% 11
\BOOKMARK [0][-]{chapter.3}{Chapter 3. \040A General Introduction of Machine Learning and Machine Translation}{}% 12
\BOOKMARK [1][-]{section.3.1}{What is Machine Learning?}{chapter.3}% 13
\BOOKMARK [2][-]{subsection.3.1.1}{What is a Function and What is a Model?}{section.3.1}% 14
\BOOKMARK [2][-]{subsection.3.1.2}{Two Different Paradigms of Building a Model}{section.3.1}% 15
\BOOKMARK [1][-]{section.3.2}{Statistical Machine Translation}{chapter.3}% 16
\BOOKMARK [1][-]{section.3.3}{Neural Machine Translation}{chapter.3}% 17
\BOOKMARK [2][-]{subsection.3.3.1}{What Is an Artificial Neural Network?}{section.3.3}% 18
\BOOKMARK [2][-]{subsection.3.3.2}{Recurrent Neural Network}{section.3.3}% 19
\BOOKMARK [1][-]{section.3.4}{Introduction to Neural Machine Translation}{chapter.3}% 20
\BOOKMARK [2][-]{subsection.3.4.1}{Word Embedding}{section.3.4}% 21
\BOOKMARK [2][-]{subsection.3.4.2}{Encoding and Decoding}{section.3.4}% 22
\BOOKMARK [2][-]{subsection.3.4.3}{Adding Attention Mechanism}{section.3.4}% 23
\BOOKMARK [2][-]{subsection.3.4.4}{Summary of Neural Machine Translation: interlingua plus string alignment}{section.3.4}% 24
\BOOKMARK [1][-]{section.3.5}{A Quick Historical Overview of Machine Translation and Conclusion}{chapter.3}% 25
\BOOKMARK [0][-]{chapter.4}{Chapter 4. \040Building Translation Systems using Interlinear Glossed Text: First Attempt}{}% 26
\BOOKMARK [1][-]{section.4.1}{Introduction}{chapter.4}% 27
\BOOKMARK [1][-]{section.4.2}{Related Work}{chapter.4}% 28
\BOOKMARK [1][-]{section.4.3}{Technical Settings of the Machine Translation Experiments and Experimental Data of Scottish Gaelic Interlinear Glossed Text Corpus}{chapter.4}% 29
\BOOKMARK [2][-]{subsection.4.3.1}{Technical Settings}{section.4.3}% 30
\BOOKMARK [2][-]{subsection.4.3.2}{Experimental Data: a corpus of Scottish Gaelic Interlinear Glossed Texts}{section.4.3}% 31
\BOOKMARK [1][-]{section.4.4}{Gloss Representation Solely Does NOT Outperform Gaelic Sentences}{chapter.4}% 32
\BOOKMARK [2][-]{subsection.4.4.1}{Procedure of the Experiments}{section.4.4}% 33
\BOOKMARK [2][-]{subsection.4.4.2}{Result}{section.4.4}% 34
\BOOKMARK [2][-]{subsection.4.4.3}{Summary}{section.4.4}% 35
\BOOKMARK [1][-]{section.4.5}{Discussion and Conclusion}{chapter.4}% 36
\BOOKMARK [0][-]{chapter.5}{Chapter 5. \040Combining Gaelic Words with Glosses}{}% 37
\BOOKMARK [1][-]{section.5.1}{Introduction}{chapter.5}% 38
\BOOKMARK [2][-]{subsection.5.1.1}{The Underlying Heuristics}{section.5.1}% 39
\BOOKMARK [1][-]{section.5.2}{The `Parallel-Partial' Treatment Outperforms Any Other Treatments and the Baseline Significantly}{chapter.5}% 40
\BOOKMARK [2][-]{subsection.5.2.1}{Related work}{section.5.2}% 41
\BOOKMARK [2][-]{subsection.5.2.2}{Data Preprocessing Using the Parallel-Partial Treatment}{section.5.2}% 42
\BOOKMARK [2][-]{subsection.5.2.3}{Results of the Parallel-Partial Treatment}{section.5.2}% 43
\BOOKMARK [1][-]{section.5.3}{Other Possible Treatments}{chapter.5}% 44
\BOOKMARK [2][-]{subsection.5.3.1}{The Parallel Treatment}{section.5.3}% 45
\BOOKMARK [2][-]{subsection.5.3.2}{Interleaving Gaelic Words and Gloss Items And Concating them}{section.5.3}% 46
\BOOKMARK [2][-]{subsection.5.3.3}{Hybrid: Gaelic or Gloss}{section.5.3}% 47
\BOOKMARK [1][-]{section.5.4}{Summary and Conclusion}{chapter.5}% 48
\BOOKMARK [0][-]{chapter.6}{Chapter 6. \040Tying Up Some Loose Ends}{}% 49
\BOOKMARK [1][-]{section.6.1}{Comparison with Google Translation}{chapter.6}% 50
\BOOKMARK [1][-]{section.6.2}{Oversampling}{chapter.6}% 51
\BOOKMARK [1][-]{section.6.3}{Other Hyper-Parameters}{chapter.6}% 52
\BOOKMARK [1][-]{section.6.4}{Interlinear Glossed Text Data In Other Languages: the Universality}{chapter.6}% 53
\BOOKMARK [1][-]{section.6.5}{Conclusion}{chapter.6}% 54
\BOOKMARK [0][-]{chapter.7}{Chapter 7. \040Conclusion and Future Research}{}% 55
\BOOKMARK [1][-]{section.7.1}{Future Research}{chapter.7}% 56
\BOOKMARK [1][-]{section.7.2}{Conclusion}{chapter.7}% 57
\BOOKMARK [0][-]{section.7.2}{\1}{}% 58
\BOOKMARK [0][-]{section*.9}{Appendices}{}% 59
\BOOKMARK [0][-]{Appendix.1.A}{Appendix A. \040Some Appendix}{}% 60
